This file contains any messages produced by compilers while
running configure, to aid debugging if configure makes a mistake.

It was created by sqlite configure 3.32.3, which was
generated by GNU Autoconf 2.69.  Invocation command line was

  $ ./configure --host=x86_64-apple-darwin --prefix=/Users/brunoloverius/Documents/Aloalto/Oxygis/lib/build/x86_64 --enable-dynamic-extensions --enable-static --disable-shared

## --------- ##
## Platform. ##
## --------- ##

hostname = Brunos-MacBook-Pro-2.local
uname -m = arm64
uname -r = 22.3.0
uname -s = Darwin
uname -v = Darwin Kernel Version 22.3.0: Thu Jan  5 20:49:43 PST 2023; root:xnu-8792.81.2~2/RELEASE_ARM64_T8103

/usr/bin/uname -p = arm
/bin/uname -X     = unknown

/bin/arch              = unknown
/usr/bin/arch -k       = unknown
/usr/convex/getsysinfo = unknown
/usr/bin/hostinfo      = Mach kernel version:
	 Darwin Kernel Version 22.3.0: Thu Jan  5 20:49:43 PST 2023; root:xnu-8792.81.2~2/RELEASE_ARM64_T8103
Kernel configured for up to 8 processors.
8 processors are physically available.
8 processors are logically available.
Processor type: arm64e (ARM64E)
Processors active: 0 1 2 3 4 5 6 7
Primary memory available: 16.00 gigabytes
Default processor set: 568 tasks, 3118 threads, 8 processors
Load average: 5.63, Mach factor: 2.65
/bin/machine           = unknown
/usr/bin/oslevel       = unknown
/bin/universe          = unknown

PATH: /Users/brunoloverius/.nvm/versions/node/v14.18.3/bin
PATH: /usr/local/bin
PATH: /opt/homebrew/bin
PATH: /opt/homebrew/sbin
PATH: /usr/local/bin
PATH: /System/Cryptexes/App/usr/bin
PATH: /usr/bin
PATH: /bin
PATH: /usr/sbin
PATH: /sbin
PATH: /usr/local/go/bin
PATH: /Library/Apple/usr/bin
PATH: /Users/brunoloverius/Documents/Aloalto/Oxygis/flutter/flutter/bin


## ----------- ##
## Core tests. ##
## ----------- ##

configure:2351: checking for a BSD-compatible install
configure:2419: result: /usr/bin/install -c
configure:2430: checking whether build environment is sane
configure:2485: result: yes
configure:2544: checking for x86_64-apple-darwin-strip
configure:2574: result: no
configure:2584: checking for strip
configure:2600: found /usr/bin/strip
configure:2611: result: strip
configure:2636: checking for a thread-safe mkdir -p
configure:2675: result: ./install-sh -c -d
configure:2682: checking for gawk
configure:2712: result: no
configure:2682: checking for mawk
configure:2712: result: no
configure:2682: checking for nawk
configure:2712: result: no
configure:2682: checking for awk
configure:2698: found /usr/bin/awk
configure:2709: result: awk
configure:2720: checking whether make sets $(MAKE)
configure:2742: result: yes
configure:2771: checking whether make supports nested variables
configure:2788: result: yes
configure:2927: checking for style of include used by make
configure:2955: result: GNU
configure:2986: checking for x86_64-apple-darwin-gcc
configure:3013: result: /Applications/Xcode.app/Contents/Developer/Toolchains/XcodeDefault.xctoolchain/usr/bin/clang
configure:3282: checking for C compiler version
configure:3291: /Applications/Xcode.app/Contents/Developer/Toolchains/XcodeDefault.xctoolchain/usr/bin/clang --version >&5
Apple clang version 14.0.0 (clang-1400.0.29.202)
Target: arm64-apple-darwin22.3.0
Thread model: posix
InstalledDir: /Applications/Xcode.app/Contents/Developer/Toolchains/XcodeDefault.xctoolchain/usr/bin
configure:3302: $? = 0
configure:3291: /Applications/Xcode.app/Contents/Developer/Toolchains/XcodeDefault.xctoolchain/usr/bin/clang -v >&5
Apple clang version 14.0.0 (clang-1400.0.29.202)
Target: arm64-apple-darwin22.3.0
Thread model: posix
InstalledDir: /Applications/Xcode.app/Contents/Developer/Toolchains/XcodeDefault.xctoolchain/usr/bin
configure:3302: $? = 0
configure:3291: /Applications/Xcode.app/Contents/Developer/Toolchains/XcodeDefault.xctoolchain/usr/bin/clang -V >&5
clang: error: argument to '-V' is missing (expected 1 value)
clang: error: no input files
configure:3302: $? = 1
configure:3291: /Applications/Xcode.app/Contents/Developer/Toolchains/XcodeDefault.xctoolchain/usr/bin/clang -qversion >&5
clang: error: unknown argument '-qversion'; did you mean '--version'?
clang: error: no input files
configure:3302: $? = 1
configure:3322: checking whether the C compiler works
configure:3344: /Applications/Xcode.app/Contents/Developer/Toolchains/XcodeDefault.xctoolchain/usr/bin/clang -isysroot /Applications/Xcode.app/Contents/Developer/Platforms/iPhoneSimulator.platform/Developer/SDKs/iPhoneSimulator16.2.sdk -I/Applications/Xcode.app/Contents/Developer/Platforms/iPhoneSimulator.platform/Developer/SDKs/iPhoneSimulator16.2.sdk/usr/include -arch x86_64 -I/Users/brunoloverius/Documents/Aloalto/Oxygis/lib/build/x86_64/include -miphoneos-version-min=9.0 -O3 -fembed-bitcode -DSQLITE_ENABLE_COLUMN_METADATA=1 -DSQLITE_MAX_VARIABLE_NUMBER=250000 -DSQLITE_THREADSAFE=1 -DSQLITE_ENABLE_RTREE=1 -DSQLITE_ENABLE_FTS3=1 -DSQLITE_ENABLE_FTS3_PARENTHESIS=1  -Wl,-arch -Wl,x86_64 -arch_only x86_64 -stdlib=libc++ -isysroot /Applications/Xcode.app/Contents/Developer/Platforms/iPhoneSimulator.platform/Developer/SDKs/iPhoneSimulator16.2.sdk -L/Users/brunoloverius/Documents/Aloalto/Oxygis/lib/build/x86_64/lib -L/Applications/Xcode.app/Contents/Developer/Platforms/iPhoneSimulator.platform/Developer/SDKs/iPhoneSimulator16.2.sdk/usr/lib -arch x86_64 -miphoneos-version-min=9.0 conftest.c  >&5
clang: warning: argument unused during compilation: '-arch_only x86_64' [-Wunused-command-line-argument]
ld: warning: directory not found for option '-L/Users/brunoloverius/Documents/Aloalto/Oxygis/lib/build/x86_64/lib'
configure:3348: $? = 0
configure:3396: result: yes
configure:3399: checking for C compiler default output file name
configure:3401: result: a.out
configure:3407: checking for suffix of executables
configure:3414: /Applications/Xcode.app/Contents/Developer/Toolchains/XcodeDefault.xctoolchain/usr/bin/clang -o conftest -isysroot /Applications/Xcode.app/Contents/Developer/Platforms/iPhoneSimulator.platform/Developer/SDKs/iPhoneSimulator16.2.sdk -I/Applications/Xcode.app/Contents/Developer/Platforms/iPhoneSimulator.platform/Developer/SDKs/iPhoneSimulator16.2.sdk/usr/include -arch x86_64 -I/Users/brunoloverius/Documents/Aloalto/Oxygis/lib/build/x86_64/include -miphoneos-version-min=9.0 -O3 -fembed-bitcode -DSQLITE_ENABLE_COLUMN_METADATA=1 -DSQLITE_MAX_VARIABLE_NUMBER=250000 -DSQLITE_THREADSAFE=1 -DSQLITE_ENABLE_RTREE=1 -DSQLITE_ENABLE_FTS3=1 -DSQLITE_ENABLE_FTS3_PARENTHESIS=1  -Wl,-arch -Wl,x86_64 -arch_only x86_64 -stdlib=libc++ -isysroot /Applications/Xcode.app/Contents/Developer/Platforms/iPhoneSimulator.platform/Developer/SDKs/iPhoneSimulator16.2.sdk -L/Users/brunoloverius/Documents/Aloalto/Oxygis/lib/build/x86_64/lib -L/Applications/Xcode.app/Contents/Developer/Platforms/iPhoneSimulator.platform/Developer/SDKs/iPhoneSimulator16.2.sdk/usr/lib -arch x86_64 -miphoneos-version-min=9.0 conftest.c  >&5
clang: warning: argument unused during compilation: '-arch_only x86_64' [-Wunused-command-line-argument]
ld: warning: directory not found for option '-L/Users/brunoloverius/Documents/Aloalto/Oxygis/lib/build/x86_64/lib'
configure:3418: $? = 0
configure:3440: result: 
configure:3462: checking whether we are cross compiling
configure:3470: /Applications/Xcode.app/Contents/Developer/Toolchains/XcodeDefault.xctoolchain/usr/bin/clang -o conftest -isysroot /Applications/Xcode.app/Contents/Developer/Platforms/iPhoneSimulator.platform/Developer/SDKs/iPhoneSimulator16.2.sdk -I/Applications/Xcode.app/Contents/Developer/Platforms/iPhoneSimulator.platform/Developer/SDKs/iPhoneSimulator16.2.sdk/usr/include -arch x86_64 -I/Users/brunoloverius/Documents/Aloalto/Oxygis/lib/build/x86_64/include -miphoneos-version-min=9.0 -O3 -fembed-bitcode -DSQLITE_ENABLE_COLUMN_METADATA=1 -DSQLITE_MAX_VARIABLE_NUMBER=250000 -DSQLITE_THREADSAFE=1 -DSQLITE_ENABLE_RTREE=1 -DSQLITE_ENABLE_FTS3=1 -DSQLITE_ENABLE_FTS3_PARENTHESIS=1  -Wl,-arch -Wl,x86_64 -arch_only x86_64 -stdlib=libc++ -isysroot /Applications/Xcode.app/Contents/Developer/Platforms/iPhoneSimulator.platform/Developer/SDKs/iPhoneSimulator16.2.sdk -L/Users/brunoloverius/Documents/Aloalto/Oxygis/lib/build/x86_64/lib -L/Applications/Xcode.app/Contents/Developer/Platforms/iPhoneSimulator.platform/Developer/SDKs/iPhoneSimulator16.2.sdk/usr/lib -arch x86_64 -miphoneos-version-min=9.0 conftest.c  >&5
clang: warning: argument unused during compilation: '-arch_only x86_64' [-Wunused-command-line-argument]
ld: warning: directory not found for option '-L/Users/brunoloverius/Documents/Aloalto/Oxygis/lib/build/x86_64/lib'
configure:3474: $? = 0
configure:3481: ./conftest
dyld[49903]: DYLD_ROOT_PATH not set for simulator program
./configure: line 3483: 49903 Abort trap: 6           ./conftest$ac_cv_exeext
configure:3485: $? = 134
configure:3500: result: yes
configure:3505: checking for suffix of object files
configure:3527: /Applications/Xcode.app/Contents/Developer/Toolchains/XcodeDefault.xctoolchain/usr/bin/clang -c -isysroot /Applications/Xcode.app/Contents/Developer/Platforms/iPhoneSimulator.platform/Developer/SDKs/iPhoneSimulator16.2.sdk -I/Applications/Xcode.app/Contents/Developer/Platforms/iPhoneSimulator.platform/Developer/SDKs/iPhoneSimulator16.2.sdk/usr/include -arch x86_64 -I/Users/brunoloverius/Documents/Aloalto/Oxygis/lib/build/x86_64/include -miphoneos-version-min=9.0 -O3 -fembed-bitcode -DSQLITE_ENABLE_COLUMN_METADATA=1 -DSQLITE_MAX_VARIABLE_NUMBER=250000 -DSQLITE_THREADSAFE=1 -DSQLITE_ENABLE_RTREE=1 -DSQLITE_ENABLE_FTS3=1 -DSQLITE_ENABLE_FTS3_PARENTHESIS=1  conftest.c >&5
configure:3531: $? = 0
configure:3552: result: o
configure:3556: checking whether we are using the GNU C compiler
configure:3575: /Applications/Xcode.app/Contents/Developer/Toolchains/XcodeDefault.xctoolchain/usr/bin/clang -c -isysroot /Applications/Xcode.app/Contents/Developer/Platforms/iPhoneSimulator.platform/Developer/SDKs/iPhoneSimulator16.2.sdk -I/Applications/Xcode.app/Contents/Developer/Platforms/iPhoneSimulator.platform/Developer/SDKs/iPhoneSimulator16.2.sdk/usr/include -arch x86_64 -I/Users/brunoloverius/Documents/Aloalto/Oxygis/lib/build/x86_64/include -miphoneos-version-min=9.0 -O3 -fembed-bitcode -DSQLITE_ENABLE_COLUMN_METADATA=1 -DSQLITE_MAX_VARIABLE_NUMBER=250000 -DSQLITE_THREADSAFE=1 -DSQLITE_ENABLE_RTREE=1 -DSQLITE_ENABLE_FTS3=1 -DSQLITE_ENABLE_FTS3_PARENTHESIS=1  conftest.c >&5
configure:3575: $? = 0
configure:3584: result: yes
configure:3593: checking whether /Applications/Xcode.app/Contents/Developer/Toolchains/XcodeDefault.xctoolchain/usr/bin/clang accepts -g
configure:3613: /Applications/Xcode.app/Contents/Developer/Toolchains/XcodeDefault.xctoolchain/usr/bin/clang -c -g  conftest.c >&5
configure:3613: $? = 0
configure:3654: result: yes
configure:3671: checking for /Applications/Xcode.app/Contents/Developer/Toolchains/XcodeDefault.xctoolchain/usr/bin/clang option to accept ISO C89
configure:3734: /Applications/Xcode.app/Contents/Developer/Toolchains/XcodeDefault.xctoolchain/usr/bin/clang  -c -isysroot /Applications/Xcode.app/Contents/Developer/Platforms/iPhoneSimulator.platform/Developer/SDKs/iPhoneSimulator16.2.sdk -I/Applications/Xcode.app/Contents/Developer/Platforms/iPhoneSimulator.platform/Developer/SDKs/iPhoneSimulator16.2.sdk/usr/include -arch x86_64 -I/Users/brunoloverius/Documents/Aloalto/Oxygis/lib/build/x86_64/include -miphoneos-version-min=9.0 -O3 -fembed-bitcode -DSQLITE_ENABLE_COLUMN_METADATA=1 -DSQLITE_MAX_VARIABLE_NUMBER=250000 -DSQLITE_THREADSAFE=1 -DSQLITE_ENABLE_RTREE=1 -DSQLITE_ENABLE_FTS3=1 -DSQLITE_ENABLE_FTS3_PARENTHESIS=1  conftest.c >&5
configure:3734: $? = 0
configure:3747: result: none needed
configure:3772: checking whether /Applications/Xcode.app/Contents/Developer/Toolchains/XcodeDefault.xctoolchain/usr/bin/clang understands -c and -o together
configure:3794: /Applications/Xcode.app/Contents/Developer/Toolchains/XcodeDefault.xctoolchain/usr/bin/clang -c conftest.c -o conftest2.o
configure:3797: $? = 0
configure:3794: /Applications/Xcode.app/Contents/Developer/Toolchains/XcodeDefault.xctoolchain/usr/bin/clang -c conftest.c -o conftest2.o
configure:3797: $? = 0
configure:3809: result: yes
configure:3828: checking dependency style of /Applications/Xcode.app/Contents/Developer/Toolchains/XcodeDefault.xctoolchain/usr/bin/clang
configure:3939: result: gcc3
configure:3962: checking for special C compiler options needed for large files
configure:4007: result: no
configure:4013: checking for _FILE_OFFSET_BITS value needed for large files
configure:4038: /Applications/Xcode.app/Contents/Developer/Toolchains/XcodeDefault.xctoolchain/usr/bin/clang -c -isysroot /Applications/Xcode.app/Contents/Developer/Platforms/iPhoneSimulator.platform/Developer/SDKs/iPhoneSimulator16.2.sdk -I/Applications/Xcode.app/Contents/Developer/Platforms/iPhoneSimulator.platform/Developer/SDKs/iPhoneSimulator16.2.sdk/usr/include -arch x86_64 -I/Users/brunoloverius/Documents/Aloalto/Oxygis/lib/build/x86_64/include -miphoneos-version-min=9.0 -O3 -fembed-bitcode -DSQLITE_ENABLE_COLUMN_METADATA=1 -DSQLITE_MAX_VARIABLE_NUMBER=250000 -DSQLITE_THREADSAFE=1 -DSQLITE_ENABLE_RTREE=1 -DSQLITE_ENABLE_FTS3=1 -DSQLITE_ENABLE_FTS3_PARENTHESIS=1  conftest.c >&5
configure:4038: $? = 0
configure:4070: result: no
configure:4165: checking for x86_64-apple-darwin-gcc
configure:4192: result: /Applications/Xcode.app/Contents/Developer/Toolchains/XcodeDefault.xctoolchain/usr/bin/clang
configure:4461: checking for C compiler version
configure:4470: /Applications/Xcode.app/Contents/Developer/Toolchains/XcodeDefault.xctoolchain/usr/bin/clang --version >&5
Apple clang version 14.0.0 (clang-1400.0.29.202)
Target: arm64-apple-darwin22.3.0
Thread model: posix
InstalledDir: /Applications/Xcode.app/Contents/Developer/Toolchains/XcodeDefault.xctoolchain/usr/bin
configure:4481: $? = 0
configure:4470: /Applications/Xcode.app/Contents/Developer/Toolchains/XcodeDefault.xctoolchain/usr/bin/clang -v >&5
Apple clang version 14.0.0 (clang-1400.0.29.202)
Target: arm64-apple-darwin22.3.0
Thread model: posix
InstalledDir: /Applications/Xcode.app/Contents/Developer/Toolchains/XcodeDefault.xctoolchain/usr/bin
configure:4481: $? = 0
configure:4470: /Applications/Xcode.app/Contents/Developer/Toolchains/XcodeDefault.xctoolchain/usr/bin/clang -V >&5
clang: error: argument to '-V' is missing (expected 1 value)
clang: error: no input files
configure:4481: $? = 1
configure:4470: /Applications/Xcode.app/Contents/Developer/Toolchains/XcodeDefault.xctoolchain/usr/bin/clang -qversion >&5
clang: error: unknown argument '-qversion'; did you mean '--version'?
clang: error: no input files
configure:4481: $? = 1
configure:4485: checking whether we are using the GNU C compiler
configure:4513: result: yes
configure:4522: checking whether /Applications/Xcode.app/Contents/Developer/Toolchains/XcodeDefault.xctoolchain/usr/bin/clang accepts -g
configure:4583: result: yes
configure:4600: checking for /Applications/Xcode.app/Contents/Developer/Toolchains/XcodeDefault.xctoolchain/usr/bin/clang option to accept ISO C89
configure:4676: result: none needed
configure:4701: checking whether /Applications/Xcode.app/Contents/Developer/Toolchains/XcodeDefault.xctoolchain/usr/bin/clang understands -c and -o together
configure:4738: result: yes
configure:4757: checking dependency style of /Applications/Xcode.app/Contents/Developer/Toolchains/XcodeDefault.xctoolchain/usr/bin/clang
configure:4868: result: gcc3
configure:4912: checking build system type
configure:4926: result: arm-apple-darwin22.3.0
configure:4946: checking host system type
configure:4959: result: x86_64-apple-darwin
configure:5000: checking how to print strings
configure:5027: result: printf
configure:5048: checking for a sed that does not truncate output
configure:5112: result: /opt/homebrew/bin/gsed
configure:5130: checking for grep that handles long lines and -e
configure:5188: result: /usr/bin/grep
configure:5193: checking for egrep
configure:5255: result: /usr/bin/grep -E
configure:5260: checking for fgrep
configure:5322: result: /usr/bin/grep -F
configure:5357: checking for ld used by /Applications/Xcode.app/Contents/Developer/Toolchains/XcodeDefault.xctoolchain/usr/bin/clang
configure:5424: result: /Applications/Xcode.app/Contents/Developer/Toolchains/XcodeDefault.xctoolchain/usr/bin/ld
configure:5431: checking if the linker (/Applications/Xcode.app/Contents/Developer/Toolchains/XcodeDefault.xctoolchain/usr/bin/ld) is GNU ld
configure:5446: result: no
configure:5458: checking for BSD- or MS-compatible name lister (nm)
configure:5512: result: no
configure:5526: checking for x86_64-apple-darwin-dumpbin
configure:5556: result: no
configure:5526: checking for x86_64-apple-darwin-link
configure:5556: result: no
configure:5570: checking for dumpbin
configure:5600: result: no
configure:5570: checking for link
configure:5586: found /bin/link
configure:5597: result: link -dump
configure:5613: WARNING: using cross tools not prefixed with host triplet
configure:5642: checking the name lister (nm) interface
configure:5649: /Applications/Xcode.app/Contents/Developer/Toolchains/XcodeDefault.xctoolchain/usr/bin/clang -c -isysroot /Applications/Xcode.app/Contents/Developer/Platforms/iPhoneSimulator.platform/Developer/SDKs/iPhoneSimulator16.2.sdk -I/Applications/Xcode.app/Contents/Developer/Platforms/iPhoneSimulator.platform/Developer/SDKs/iPhoneSimulator16.2.sdk/usr/include -arch x86_64 -I/Users/brunoloverius/Documents/Aloalto/Oxygis/lib/build/x86_64/include -miphoneos-version-min=9.0 -O3 -fembed-bitcode -DSQLITE_ENABLE_COLUMN_METADATA=1 -DSQLITE_MAX_VARIABLE_NUMBER=250000 -DSQLITE_THREADSAFE=1 -DSQLITE_ENABLE_RTREE=1 -DSQLITE_ENABLE_FTS3=1 -DSQLITE_ENABLE_FTS3_PARENTHESIS=1  conftest.c >&5
configure:5652: nm "conftest.o"
configure:5655: output
---------------- D _some_variable
configure:5662: result: BSD nm
configure:5665: checking whether ln -s works
configure:5669: result: yes
configure:5677: checking the maximum length of command line arguments
configure:5808: result: 786432
configure:5856: checking how to convert arm-apple-darwin22.3.0 file names to x86_64-apple-darwin format
configure:5896: result: func_convert_file_noop
configure:5903: checking how to convert arm-apple-darwin22.3.0 file names to toolchain format
configure:5923: result: func_convert_file_noop
configure:5930: checking for /Applications/Xcode.app/Contents/Developer/Toolchains/XcodeDefault.xctoolchain/usr/bin/ld option to reload object files
configure:5937: result: -r
configure:5971: checking for x86_64-apple-darwin-objdump
configure:6001: result: no
configure:6011: checking for objdump
configure:6027: found /usr/bin/objdump
configure:6038: result: objdump
configure:6070: checking how to recognize dependent libraries
configure:6270: result: pass_all
configure:6315: checking for x86_64-apple-darwin-dlltool
configure:6345: result: no
configure:6355: checking for dlltool
configure:6385: result: no
configure:6415: checking how to associate runtime and link libraries
configure:6442: result: printf %s\n
configure:6458: checking for x86_64-apple-darwin-ar
configure:6488: result: no
configure:6502: checking for ar
configure:6518: found /usr/bin/ar
configure:6529: result: ar
configure:6566: checking for archiver @FILE support
configure:6583: /Applications/Xcode.app/Contents/Developer/Toolchains/XcodeDefault.xctoolchain/usr/bin/clang -c -isysroot /Applications/Xcode.app/Contents/Developer/Platforms/iPhoneSimulator.platform/Developer/SDKs/iPhoneSimulator16.2.sdk -I/Applications/Xcode.app/Contents/Developer/Platforms/iPhoneSimulator.platform/Developer/SDKs/iPhoneSimulator16.2.sdk/usr/include -arch x86_64 -I/Users/brunoloverius/Documents/Aloalto/Oxygis/lib/build/x86_64/include -miphoneos-version-min=9.0 -O3 -fembed-bitcode -DSQLITE_ENABLE_COLUMN_METADATA=1 -DSQLITE_MAX_VARIABLE_NUMBER=250000 -DSQLITE_THREADSAFE=1 -DSQLITE_ENABLE_RTREE=1 -DSQLITE_ENABLE_FTS3=1 -DSQLITE_ENABLE_FTS3_PARENTHESIS=1  conftest.c >&5
configure:6583: $? = 0
configure:6586: ar cru libconftest.a @conftest.lst >&5
ar: @conftest.lst: No such file or directory
configure:6589: $? = 1
configure:6609: result: no
configure:6627: checking for x86_64-apple-darwin-strip
configure:6654: result: strip
configure:6726: checking for x86_64-apple-darwin-ranlib
configure:6756: result: no
configure:6766: checking for ranlib
configure:6782: found /usr/bin/ranlib
configure:6793: result: ranlib
configure:6895: checking command to parse nm output from /Applications/Xcode.app/Contents/Developer/Toolchains/XcodeDefault.xctoolchain/usr/bin/clang object
configure:7048: /Applications/Xcode.app/Contents/Developer/Toolchains/XcodeDefault.xctoolchain/usr/bin/clang -c -isysroot /Applications/Xcode.app/Contents/Developer/Platforms/iPhoneSimulator.platform/Developer/SDKs/iPhoneSimulator16.2.sdk -I/Applications/Xcode.app/Contents/Developer/Platforms/iPhoneSimulator.platform/Developer/SDKs/iPhoneSimulator16.2.sdk/usr/include -arch x86_64 -I/Users/brunoloverius/Documents/Aloalto/Oxygis/lib/build/x86_64/include -miphoneos-version-min=9.0 -O3 -fembed-bitcode -DSQLITE_ENABLE_COLUMN_METADATA=1 -DSQLITE_MAX_VARIABLE_NUMBER=250000 -DSQLITE_THREADSAFE=1 -DSQLITE_ENABLE_RTREE=1 -DSQLITE_ENABLE_FTS3=1 -DSQLITE_ENABLE_FTS3_PARENTHESIS=1  conftest.c >&5
configure:7051: $? = 0
configure:7055: nm conftest.o \| sed -n -e 's/^.*[ ]\([ABCDGIRSTW][ABCDGIRSTW]*\)[ ][ ]*\([_A-Za-z][_A-Za-z0-9]*\)$/\1 \2 \2/p' | sed '/ __gnu_lto/d' \> conftest.nm
configure:7058: $? = 0
cannot find nm_test_var in conftest.nm
configure:7048: /Applications/Xcode.app/Contents/Developer/Toolchains/XcodeDefault.xctoolchain/usr/bin/clang -c -isysroot /Applications/Xcode.app/Contents/Developer/Platforms/iPhoneSimulator.platform/Developer/SDKs/iPhoneSimulator16.2.sdk -I/Applications/Xcode.app/Contents/Developer/Platforms/iPhoneSimulator.platform/Developer/SDKs/iPhoneSimulator16.2.sdk/usr/include -arch x86_64 -I/Users/brunoloverius/Documents/Aloalto/Oxygis/lib/build/x86_64/include -miphoneos-version-min=9.0 -O3 -fembed-bitcode -DSQLITE_ENABLE_COLUMN_METADATA=1 -DSQLITE_MAX_VARIABLE_NUMBER=250000 -DSQLITE_THREADSAFE=1 -DSQLITE_ENABLE_RTREE=1 -DSQLITE_ENABLE_FTS3=1 -DSQLITE_ENABLE_FTS3_PARENTHESIS=1  conftest.c >&5
configure:7051: $? = 0
configure:7055: nm conftest.o \| sed -n -e 's/^.*[ ]\([ABCDGIRSTW][ABCDGIRSTW]*\)[ ][ ]*_\([_A-Za-z][_A-Za-z0-9]*\)$/\1 _\2 \2/p' | sed '/ __gnu_lto/d' \> conftest.nm
configure:7058: $? = 0
configure:7124: /Applications/Xcode.app/Contents/Developer/Toolchains/XcodeDefault.xctoolchain/usr/bin/clang -o conftest -isysroot /Applications/Xcode.app/Contents/Developer/Platforms/iPhoneSimulator.platform/Developer/SDKs/iPhoneSimulator16.2.sdk -I/Applications/Xcode.app/Contents/Developer/Platforms/iPhoneSimulator.platform/Developer/SDKs/iPhoneSimulator16.2.sdk/usr/include -arch x86_64 -I/Users/brunoloverius/Documents/Aloalto/Oxygis/lib/build/x86_64/include -miphoneos-version-min=9.0 -O3 -fembed-bitcode -DSQLITE_ENABLE_COLUMN_METADATA=1 -DSQLITE_MAX_VARIABLE_NUMBER=250000 -DSQLITE_THREADSAFE=1 -DSQLITE_ENABLE_RTREE=1 -DSQLITE_ENABLE_FTS3=1 -DSQLITE_ENABLE_FTS3_PARENTHESIS=1  -Wl,-arch -Wl,x86_64 -arch_only x86_64 -stdlib=libc++ -isysroot /Applications/Xcode.app/Contents/Developer/Platforms/iPhoneSimulator.platform/Developer/SDKs/iPhoneSimulator16.2.sdk -L/Users/brunoloverius/Documents/Aloalto/Oxygis/lib/build/x86_64/lib -L/Applications/Xcode.app/Contents/Developer/Platforms/iPhoneSimulator.platform/Developer/SDKs/iPhoneSimulator16.2.sdk/usr/lib -arch x86_64 -miphoneos-version-min=9.0 conftest.c conftstm.o >&5
clang: warning: argument unused during compilation: '-arch_only x86_64' [-Wunused-command-line-argument]
ld: warning: directory not found for option '-L/Users/brunoloverius/Documents/Aloalto/Oxygis/lib/build/x86_64/lib'
configure:7127: $? = 0
configure:7165: result: ok
configure:7212: checking for sysroot
configure:7242: result: no
configure:7249: checking for a working dd
configure:7287: result: /bin/dd
configure:7291: checking how to truncate binary pipes
configure:7306: result: /bin/dd bs=4096 count=1
configure:7595: checking for x86_64-apple-darwin-mt
configure:7625: result: no
configure:7635: checking for mt
configure:7665: result: no
configure:7685: checking if : is a manifest tool
configure:7691: : '-?'
configure:7699: result: no
configure:7715: checking for x86_64-apple-darwin-dsymutil
configure:7745: result: no
configure:7755: checking for dsymutil
configure:7771: found /usr/bin/dsymutil
configure:7782: result: dsymutil
configure:7807: checking for x86_64-apple-darwin-nmedit
configure:7837: result: no
configure:7847: checking for nmedit
configure:7863: found /usr/bin/nmedit
configure:7874: result: nmedit
configure:7899: checking for x86_64-apple-darwin-lipo
configure:7929: result: no
configure:7939: checking for lipo
configure:7955: found /usr/bin/lipo
configure:7966: result: lipo
configure:7991: checking for x86_64-apple-darwin-otool
configure:8021: result: no
configure:8031: checking for otool
configure:8047: found /usr/bin/otool
configure:8058: result: otool
configure:8083: checking for x86_64-apple-darwin-otool64
configure:8113: result: no
configure:8123: checking for otool64
configure:8153: result: no
configure:8198: checking for -single_module linker flag
/Applications/Xcode.app/Contents/Developer/Toolchains/XcodeDefault.xctoolchain/usr/bin/clang -isysroot /Applications/Xcode.app/Contents/Developer/Platforms/iPhoneSimulator.platform/Developer/SDKs/iPhoneSimulator16.2.sdk -I/Applications/Xcode.app/Contents/Developer/Platforms/iPhoneSimulator.platform/Developer/SDKs/iPhoneSimulator16.2.sdk/usr/include -arch x86_64 -I/Users/brunoloverius/Documents/Aloalto/Oxygis/lib/build/x86_64/include -miphoneos-version-min=9.0 -O3 -fembed-bitcode -DSQLITE_ENABLE_COLUMN_METADATA=1 -DSQLITE_MAX_VARIABLE_NUMBER=250000 -DSQLITE_THREADSAFE=1 -DSQLITE_ENABLE_RTREE=1 -DSQLITE_ENABLE_FTS3=1 -DSQLITE_ENABLE_FTS3_PARENTHESIS=1 -Wl,-arch -Wl,x86_64 -arch_only x86_64 -stdlib=libc++ -isysroot /Applications/Xcode.app/Contents/Developer/Platforms/iPhoneSimulator.platform/Developer/SDKs/iPhoneSimulator16.2.sdk -L/Users/brunoloverius/Documents/Aloalto/Oxygis/lib/build/x86_64/lib -L/Applications/Xcode.app/Contents/Developer/Platforms/iPhoneSimulator.platform/Developer/SDKs/iPhoneSimulator16.2.sdk/usr/lib -arch x86_64 -miphoneos-version-min=9.0 -o libconftest.dylib -dynamiclib -Wl,-single_module conftest.c
configure:8231: result: yes
configure:8234: checking for -exported_symbols_list linker flag
configure:8254: /Applications/Xcode.app/Contents/Developer/Toolchains/XcodeDefault.xctoolchain/usr/bin/clang -o conftest -isysroot /Applications/Xcode.app/Contents/Developer/Platforms/iPhoneSimulator.platform/Developer/SDKs/iPhoneSimulator16.2.sdk -I/Applications/Xcode.app/Contents/Developer/Platforms/iPhoneSimulator.platform/Developer/SDKs/iPhoneSimulator16.2.sdk/usr/include -arch x86_64 -I/Users/brunoloverius/Documents/Aloalto/Oxygis/lib/build/x86_64/include -miphoneos-version-min=9.0 -O3 -fembed-bitcode -DSQLITE_ENABLE_COLUMN_METADATA=1 -DSQLITE_MAX_VARIABLE_NUMBER=250000 -DSQLITE_THREADSAFE=1 -DSQLITE_ENABLE_RTREE=1 -DSQLITE_ENABLE_FTS3=1 -DSQLITE_ENABLE_FTS3_PARENTHESIS=1  -Wl,-arch -Wl,x86_64 -arch_only x86_64 -stdlib=libc++ -isysroot /Applications/Xcode.app/Contents/Developer/Platforms/iPhoneSimulator.platform/Developer/SDKs/iPhoneSimulator16.2.sdk -L/Users/brunoloverius/Documents/Aloalto/Oxygis/lib/build/x86_64/lib -L/Applications/Xcode.app/Contents/Developer/Platforms/iPhoneSimulator.platform/Developer/SDKs/iPhoneSimulator16.2.sdk/usr/lib -arch x86_64 -miphoneos-version-min=9.0 -Wl,-exported_symbols_list,conftest.sym conftest.c  >&5
clang: warning: argument unused during compilation: '-arch_only x86_64' [-Wunused-command-line-argument]
ld: warning: directory not found for option '-L/Users/brunoloverius/Documents/Aloalto/Oxygis/lib/build/x86_64/lib'
configure:8254: $? = 0
configure:8264: result: yes
configure:8267: checking for -force_load linker flag
/Applications/Xcode.app/Contents/Developer/Toolchains/XcodeDefault.xctoolchain/usr/bin/clang -isysroot /Applications/Xcode.app/Contents/Developer/Platforms/iPhoneSimulator.platform/Developer/SDKs/iPhoneSimulator16.2.sdk -I/Applications/Xcode.app/Contents/Developer/Platforms/iPhoneSimulator.platform/Developer/SDKs/iPhoneSimulator16.2.sdk/usr/include -arch x86_64 -I/Users/brunoloverius/Documents/Aloalto/Oxygis/lib/build/x86_64/include -miphoneos-version-min=9.0 -O3 -fembed-bitcode -DSQLITE_ENABLE_COLUMN_METADATA=1 -DSQLITE_MAX_VARIABLE_NUMBER=250000 -DSQLITE_THREADSAFE=1 -DSQLITE_ENABLE_RTREE=1 -DSQLITE_ENABLE_FTS3=1 -DSQLITE_ENABLE_FTS3_PARENTHESIS=1 -c -o conftest.o conftest.c
ar cru libconftest.a conftest.o
ranlib libconftest.a
/Applications/Xcode.app/Contents/Developer/Toolchains/XcodeDefault.xctoolchain/usr/bin/clang -isysroot /Applications/Xcode.app/Contents/Developer/Platforms/iPhoneSimulator.platform/Developer/SDKs/iPhoneSimulator16.2.sdk -I/Applications/Xcode.app/Contents/Developer/Platforms/iPhoneSimulator.platform/Developer/SDKs/iPhoneSimulator16.2.sdk/usr/include -arch x86_64 -I/Users/brunoloverius/Documents/Aloalto/Oxygis/lib/build/x86_64/include -miphoneos-version-min=9.0 -O3 -fembed-bitcode -DSQLITE_ENABLE_COLUMN_METADATA=1 -DSQLITE_MAX_VARIABLE_NUMBER=250000 -DSQLITE_THREADSAFE=1 -DSQLITE_ENABLE_RTREE=1 -DSQLITE_ENABLE_FTS3=1 -DSQLITE_ENABLE_FTS3_PARENTHESIS=1 -Wl,-arch -Wl,x86_64 -arch_only x86_64 -stdlib=libc++ -isysroot /Applications/Xcode.app/Contents/Developer/Platforms/iPhoneSimulator.platform/Developer/SDKs/iPhoneSimulator16.2.sdk -L/Users/brunoloverius/Documents/Aloalto/Oxygis/lib/build/x86_64/lib -L/Applications/Xcode.app/Contents/Developer/Platforms/iPhoneSimulator.platform/Developer/SDKs/iPhoneSimulator16.2.sdk/usr/lib -arch x86_64 -miphoneos-version-min=9.0 -o conftest conftest.c -Wl,-force_load,./libconftest.a
configure:8299: result: yes
configure:8376: checking how to run the C preprocessor
configure:8407: /Applications/Xcode.app/Contents/Developer/Toolchains/XcodeDefault.xctoolchain/usr/bin/clang -E  conftest.c
configure:8407: $? = 0
configure:8421: /Applications/Xcode.app/Contents/Developer/Toolchains/XcodeDefault.xctoolchain/usr/bin/clang -E  conftest.c
conftest.c:11:10: fatal error: 'ac_nonexistent.h' file not found
#include <ac_nonexistent.h>
         ^~~~~~~~~~~~~~~~~~
1 error generated.
configure:8421: $? = 1
configure: failed program was:
| /* confdefs.h */
| #define PACKAGE_NAME "sqlite"
| #define PACKAGE_TARNAME "sqlite"
| #define PACKAGE_VERSION "3.32.3"
| #define PACKAGE_STRING "sqlite 3.32.3"
| #define PACKAGE_BUGREPORT "http://www.sqlite.org"
| #define PACKAGE_URL ""
| #define PACKAGE "sqlite"
| #define VERSION "3.32.3"
| /* end confdefs.h.  */
| #include <ac_nonexistent.h>
configure:8446: result: /Applications/Xcode.app/Contents/Developer/Toolchains/XcodeDefault.xctoolchain/usr/bin/clang -E
configure:8466: /Applications/Xcode.app/Contents/Developer/Toolchains/XcodeDefault.xctoolchain/usr/bin/clang -E  conftest.c
configure:8466: $? = 0
configure:8480: /Applications/Xcode.app/Contents/Developer/Toolchains/XcodeDefault.xctoolchain/usr/bin/clang -E  conftest.c
conftest.c:11:10: fatal error: 'ac_nonexistent.h' file not found
#include <ac_nonexistent.h>
         ^~~~~~~~~~~~~~~~~~
1 error generated.
configure:8480: $? = 1
configure: failed program was:
| /* confdefs.h */
| #define PACKAGE_NAME "sqlite"
| #define PACKAGE_TARNAME "sqlite"
| #define PACKAGE_VERSION "3.32.3"
| #define PACKAGE_STRING "sqlite 3.32.3"
| #define PACKAGE_BUGREPORT "http://www.sqlite.org"
| #define PACKAGE_URL ""
| #define PACKAGE "sqlite"
| #define VERSION "3.32.3"
| /* end confdefs.h.  */
| #include <ac_nonexistent.h>
configure:8509: checking for ANSI C header files
configure:8529: /Applications/Xcode.app/Contents/Developer/Toolchains/XcodeDefault.xctoolchain/usr/bin/clang -c -isysroot /Applications/Xcode.app/Contents/Developer/Platforms/iPhoneSimulator.platform/Developer/SDKs/iPhoneSimulator16.2.sdk -I/Applications/Xcode.app/Contents/Developer/Platforms/iPhoneSimulator.platform/Developer/SDKs/iPhoneSimulator16.2.sdk/usr/include -arch x86_64 -I/Users/brunoloverius/Documents/Aloalto/Oxygis/lib/build/x86_64/include -miphoneos-version-min=9.0 -O3 -fembed-bitcode -DSQLITE_ENABLE_COLUMN_METADATA=1 -DSQLITE_MAX_VARIABLE_NUMBER=250000 -DSQLITE_THREADSAFE=1 -DSQLITE_ENABLE_RTREE=1 -DSQLITE_ENABLE_FTS3=1 -DSQLITE_ENABLE_FTS3_PARENTHESIS=1  conftest.c >&5
configure:8529: $? = 0
conftest.c:11:10: fatal error: 'string.h' file not found
#include <string.h>
         ^~~~~~~~~~
1 error generated.
configure:8613: result: no
configure:8626: checking for sys/types.h
configure:8626: /Applications/Xcode.app/Contents/Developer/Toolchains/XcodeDefault.xctoolchain/usr/bin/clang -c -isysroot /Applications/Xcode.app/Contents/Developer/Platforms/iPhoneSimulator.platform/Developer/SDKs/iPhoneSimulator16.2.sdk -I/Applications/Xcode.app/Contents/Developer/Platforms/iPhoneSimulator.platform/Developer/SDKs/iPhoneSimulator16.2.sdk/usr/include -arch x86_64 -I/Users/brunoloverius/Documents/Aloalto/Oxygis/lib/build/x86_64/include -miphoneos-version-min=9.0 -O3 -fembed-bitcode -DSQLITE_ENABLE_COLUMN_METADATA=1 -DSQLITE_MAX_VARIABLE_NUMBER=250000 -DSQLITE_THREADSAFE=1 -DSQLITE_ENABLE_RTREE=1 -DSQLITE_ENABLE_FTS3=1 -DSQLITE_ENABLE_FTS3_PARENTHESIS=1  conftest.c >&5
configure:8626: $? = 0
configure:8626: result: yes
configure:8626: checking for sys/stat.h
configure:8626: /Applications/Xcode.app/Contents/Developer/Toolchains/XcodeDefault.xctoolchain/usr/bin/clang -c -isysroot /Applications/Xcode.app/Contents/Developer/Platforms/iPhoneSimulator.platform/Developer/SDKs/iPhoneSimulator16.2.sdk -I/Applications/Xcode.app/Contents/Developer/Platforms/iPhoneSimulator.platform/Developer/SDKs/iPhoneSimulator16.2.sdk/usr/include -arch x86_64 -I/Users/brunoloverius/Documents/Aloalto/Oxygis/lib/build/x86_64/include -miphoneos-version-min=9.0 -O3 -fembed-bitcode -DSQLITE_ENABLE_COLUMN_METADATA=1 -DSQLITE_MAX_VARIABLE_NUMBER=250000 -DSQLITE_THREADSAFE=1 -DSQLITE_ENABLE_RTREE=1 -DSQLITE_ENABLE_FTS3=1 -DSQLITE_ENABLE_FTS3_PARENTHESIS=1  conftest.c >&5
configure:8626: $? = 0
configure:8626: result: yes
configure:8626: checking for stdlib.h
configure:8626: /Applications/Xcode.app/Contents/Developer/Toolchains/XcodeDefault.xctoolchain/usr/bin/clang -c -isysroot /Applications/Xcode.app/Contents/Developer/Platforms/iPhoneSimulator.platform/Developer/SDKs/iPhoneSimulator16.2.sdk -I/Applications/Xcode.app/Contents/Developer/Platforms/iPhoneSimulator.platform/Developer/SDKs/iPhoneSimulator16.2.sdk/usr/include -arch x86_64 -I/Users/brunoloverius/Documents/Aloalto/Oxygis/lib/build/x86_64/include -miphoneos-version-min=9.0 -O3 -fembed-bitcode -DSQLITE_ENABLE_COLUMN_METADATA=1 -DSQLITE_MAX_VARIABLE_NUMBER=250000 -DSQLITE_THREADSAFE=1 -DSQLITE_ENABLE_RTREE=1 -DSQLITE_ENABLE_FTS3=1 -DSQLITE_ENABLE_FTS3_PARENTHESIS=1  conftest.c >&5
configure:8626: $? = 0
configure:8626: result: yes
configure:8626: checking for string.h
configure:8626: /Applications/Xcode.app/Contents/Developer/Toolchains/XcodeDefault.xctoolchain/usr/bin/clang -c -isysroot /Applications/Xcode.app/Contents/Developer/Platforms/iPhoneSimulator.platform/Developer/SDKs/iPhoneSimulator16.2.sdk -I/Applications/Xcode.app/Contents/Developer/Platforms/iPhoneSimulator.platform/Developer/SDKs/iPhoneSimulator16.2.sdk/usr/include -arch x86_64 -I/Users/brunoloverius/Documents/Aloalto/Oxygis/lib/build/x86_64/include -miphoneos-version-min=9.0 -O3 -fembed-bitcode -DSQLITE_ENABLE_COLUMN_METADATA=1 -DSQLITE_MAX_VARIABLE_NUMBER=250000 -DSQLITE_THREADSAFE=1 -DSQLITE_ENABLE_RTREE=1 -DSQLITE_ENABLE_FTS3=1 -DSQLITE_ENABLE_FTS3_PARENTHESIS=1  conftest.c >&5
configure:8626: $? = 0
configure:8626: result: yes
configure:8626: checking for memory.h
configure:8626: /Applications/Xcode.app/Contents/Developer/Toolchains/XcodeDefault.xctoolchain/usr/bin/clang -c -isysroot /Applications/Xcode.app/Contents/Developer/Platforms/iPhoneSimulator.platform/Developer/SDKs/iPhoneSimulator16.2.sdk -I/Applications/Xcode.app/Contents/Developer/Platforms/iPhoneSimulator.platform/Developer/SDKs/iPhoneSimulator16.2.sdk/usr/include -arch x86_64 -I/Users/brunoloverius/Documents/Aloalto/Oxygis/lib/build/x86_64/include -miphoneos-version-min=9.0 -O3 -fembed-bitcode -DSQLITE_ENABLE_COLUMN_METADATA=1 -DSQLITE_MAX_VARIABLE_NUMBER=250000 -DSQLITE_THREADSAFE=1 -DSQLITE_ENABLE_RTREE=1 -DSQLITE_ENABLE_FTS3=1 -DSQLITE_ENABLE_FTS3_PARENTHESIS=1  conftest.c >&5
configure:8626: $? = 0
configure:8626: result: yes
configure:8626: checking for strings.h
configure:8626: /Applications/Xcode.app/Contents/Developer/Toolchains/XcodeDefault.xctoolchain/usr/bin/clang -c -isysroot /Applications/Xcode.app/Contents/Developer/Platforms/iPhoneSimulator.platform/Developer/SDKs/iPhoneSimulator16.2.sdk -I/Applications/Xcode.app/Contents/Developer/Platforms/iPhoneSimulator.platform/Developer/SDKs/iPhoneSimulator16.2.sdk/usr/include -arch x86_64 -I/Users/brunoloverius/Documents/Aloalto/Oxygis/lib/build/x86_64/include -miphoneos-version-min=9.0 -O3 -fembed-bitcode -DSQLITE_ENABLE_COLUMN_METADATA=1 -DSQLITE_MAX_VARIABLE_NUMBER=250000 -DSQLITE_THREADSAFE=1 -DSQLITE_ENABLE_RTREE=1 -DSQLITE_ENABLE_FTS3=1 -DSQLITE_ENABLE_FTS3_PARENTHESIS=1  conftest.c >&5
configure:8626: $? = 0
configure:8626: result: yes
configure:8626: checking for inttypes.h
configure:8626: /Applications/Xcode.app/Contents/Developer/Toolchains/XcodeDefault.xctoolchain/usr/bin/clang -c -isysroot /Applications/Xcode.app/Contents/Developer/Platforms/iPhoneSimulator.platform/Developer/SDKs/iPhoneSimulator16.2.sdk -I/Applications/Xcode.app/Contents/Developer/Platforms/iPhoneSimulator.platform/Developer/SDKs/iPhoneSimulator16.2.sdk/usr/include -arch x86_64 -I/Users/brunoloverius/Documents/Aloalto/Oxygis/lib/build/x86_64/include -miphoneos-version-min=9.0 -O3 -fembed-bitcode -DSQLITE_ENABLE_COLUMN_METADATA=1 -DSQLITE_MAX_VARIABLE_NUMBER=250000 -DSQLITE_THREADSAFE=1 -DSQLITE_ENABLE_RTREE=1 -DSQLITE_ENABLE_FTS3=1 -DSQLITE_ENABLE_FTS3_PARENTHESIS=1  conftest.c >&5
configure:8626: $? = 0
configure:8626: result: yes
configure:8626: checking for stdint.h
configure:8626: /Applications/Xcode.app/Contents/Developer/Toolchains/XcodeDefault.xctoolchain/usr/bin/clang -c -isysroot /Applications/Xcode.app/Contents/Developer/Platforms/iPhoneSimulator.platform/Developer/SDKs/iPhoneSimulator16.2.sdk -I/Applications/Xcode.app/Contents/Developer/Platforms/iPhoneSimulator.platform/Developer/SDKs/iPhoneSimulator16.2.sdk/usr/include -arch x86_64 -I/Users/brunoloverius/Documents/Aloalto/Oxygis/lib/build/x86_64/include -miphoneos-version-min=9.0 -O3 -fembed-bitcode -DSQLITE_ENABLE_COLUMN_METADATA=1 -DSQLITE_MAX_VARIABLE_NUMBER=250000 -DSQLITE_THREADSAFE=1 -DSQLITE_ENABLE_RTREE=1 -DSQLITE_ENABLE_FTS3=1 -DSQLITE_ENABLE_FTS3_PARENTHESIS=1  conftest.c >&5
configure:8626: $? = 0
configure:8626: result: yes
configure:8626: checking for unistd.h
configure:8626: /Applications/Xcode.app/Contents/Developer/Toolchains/XcodeDefault.xctoolchain/usr/bin/clang -c -isysroot /Applications/Xcode.app/Contents/Developer/Platforms/iPhoneSimulator.platform/Developer/SDKs/iPhoneSimulator16.2.sdk -I/Applications/Xcode.app/Contents/Developer/Platforms/iPhoneSimulator.platform/Developer/SDKs/iPhoneSimulator16.2.sdk/usr/include -arch x86_64 -I/Users/brunoloverius/Documents/Aloalto/Oxygis/lib/build/x86_64/include -miphoneos-version-min=9.0 -O3 -fembed-bitcode -DSQLITE_ENABLE_COLUMN_METADATA=1 -DSQLITE_MAX_VARIABLE_NUMBER=250000 -DSQLITE_THREADSAFE=1 -DSQLITE_ENABLE_RTREE=1 -DSQLITE_ENABLE_FTS3=1 -DSQLITE_ENABLE_FTS3_PARENTHESIS=1  conftest.c >&5
configure:8626: $? = 0
configure:8626: result: yes
configure:8640: checking for dlfcn.h
configure:8640: /Applications/Xcode.app/Contents/Developer/Toolchains/XcodeDefault.xctoolchain/usr/bin/clang -c -isysroot /Applications/Xcode.app/Contents/Developer/Platforms/iPhoneSimulator.platform/Developer/SDKs/iPhoneSimulator16.2.sdk -I/Applications/Xcode.app/Contents/Developer/Platforms/iPhoneSimulator.platform/Developer/SDKs/iPhoneSimulator16.2.sdk/usr/include -arch x86_64 -I/Users/brunoloverius/Documents/Aloalto/Oxygis/lib/build/x86_64/include -miphoneos-version-min=9.0 -O3 -fembed-bitcode -DSQLITE_ENABLE_COLUMN_METADATA=1 -DSQLITE_MAX_VARIABLE_NUMBER=250000 -DSQLITE_THREADSAFE=1 -DSQLITE_ENABLE_RTREE=1 -DSQLITE_ENABLE_FTS3=1 -DSQLITE_ENABLE_FTS3_PARENTHESIS=1  conftest.c >&5
configure:8640: $? = 0
configure:8640: result: yes
configure:8896: checking for objdir
configure:8911: result: .libs
configure:9171: checking if /Applications/Xcode.app/Contents/Developer/Toolchains/XcodeDefault.xctoolchain/usr/bin/clang supports -fno-rtti -fno-exceptions
configure:9189: /Applications/Xcode.app/Contents/Developer/Toolchains/XcodeDefault.xctoolchain/usr/bin/clang -c -isysroot /Applications/Xcode.app/Contents/Developer/Platforms/iPhoneSimulator.platform/Developer/SDKs/iPhoneSimulator16.2.sdk -I/Applications/Xcode.app/Contents/Developer/Platforms/iPhoneSimulator.platform/Developer/SDKs/iPhoneSimulator16.2.sdk/usr/include -arch x86_64 -I/Users/brunoloverius/Documents/Aloalto/Oxygis/lib/build/x86_64/include -miphoneos-version-min=9.0 -O3 -fembed-bitcode -DSQLITE_ENABLE_COLUMN_METADATA=1 -DSQLITE_MAX_VARIABLE_NUMBER=250000 -DSQLITE_THREADSAFE=1 -DSQLITE_ENABLE_RTREE=1 -DSQLITE_ENABLE_FTS3=1 -DSQLITE_ENABLE_FTS3_PARENTHESIS=1  -fno-rtti -fno-exceptions conftest.c >&5
configure:9193: $? = 0
configure:9206: result: yes
configure:9564: checking for /Applications/Xcode.app/Contents/Developer/Toolchains/XcodeDefault.xctoolchain/usr/bin/clang option to produce PIC
configure:9571: result: -fno-common -DPIC
configure:9579: checking if /Applications/Xcode.app/Contents/Developer/Toolchains/XcodeDefault.xctoolchain/usr/bin/clang PIC flag -fno-common -DPIC works
configure:9597: /Applications/Xcode.app/Contents/Developer/Toolchains/XcodeDefault.xctoolchain/usr/bin/clang -c -isysroot /Applications/Xcode.app/Contents/Developer/Platforms/iPhoneSimulator.platform/Developer/SDKs/iPhoneSimulator16.2.sdk -I/Applications/Xcode.app/Contents/Developer/Platforms/iPhoneSimulator.platform/Developer/SDKs/iPhoneSimulator16.2.sdk/usr/include -arch x86_64 -I/Users/brunoloverius/Documents/Aloalto/Oxygis/lib/build/x86_64/include -miphoneos-version-min=9.0 -O3 -fembed-bitcode -DSQLITE_ENABLE_COLUMN_METADATA=1 -DSQLITE_MAX_VARIABLE_NUMBER=250000 -DSQLITE_THREADSAFE=1 -DSQLITE_ENABLE_RTREE=1 -DSQLITE_ENABLE_FTS3=1 -DSQLITE_ENABLE_FTS3_PARENTHESIS=1  -fno-common -DPIC -DPIC conftest.c >&5
configure:9601: $? = 0
configure:9614: result: yes
configure:9643: checking if /Applications/Xcode.app/Contents/Developer/Toolchains/XcodeDefault.xctoolchain/usr/bin/clang static flag -static works
configure:9671: result: no
configure:9686: checking if /Applications/Xcode.app/Contents/Developer/Toolchains/XcodeDefault.xctoolchain/usr/bin/clang supports -c -o file.o
configure:9707: /Applications/Xcode.app/Contents/Developer/Toolchains/XcodeDefault.xctoolchain/usr/bin/clang -c -isysroot /Applications/Xcode.app/Contents/Developer/Platforms/iPhoneSimulator.platform/Developer/SDKs/iPhoneSimulator16.2.sdk -I/Applications/Xcode.app/Contents/Developer/Platforms/iPhoneSimulator.platform/Developer/SDKs/iPhoneSimulator16.2.sdk/usr/include -arch x86_64 -I/Users/brunoloverius/Documents/Aloalto/Oxygis/lib/build/x86_64/include -miphoneos-version-min=9.0 -O3 -fembed-bitcode -DSQLITE_ENABLE_COLUMN_METADATA=1 -DSQLITE_MAX_VARIABLE_NUMBER=250000 -DSQLITE_THREADSAFE=1 -DSQLITE_ENABLE_RTREE=1 -DSQLITE_ENABLE_FTS3=1 -DSQLITE_ENABLE_FTS3_PARENTHESIS=1  -o out/conftest2.o conftest.c >&5
configure:9711: $? = 0
configure:9733: result: yes
configure:9741: checking if /Applications/Xcode.app/Contents/Developer/Toolchains/XcodeDefault.xctoolchain/usr/bin/clang supports -c -o file.o
configure:9788: result: yes
configure:9821: checking whether the /Applications/Xcode.app/Contents/Developer/Toolchains/XcodeDefault.xctoolchain/usr/bin/clang linker (/Applications/Xcode.app/Contents/Developer/Toolchains/XcodeDefault.xctoolchain/usr/bin/ld) supports shared libraries
configure:11084: result: yes
configure:11324: checking dynamic linker characteristics
configure:12154: result: darwin dyld
configure:12276: checking how to hardcode library paths into programs
configure:12301: result: immediate
configure:12849: checking whether stripping libraries is possible
configure:12863: result: yes
configure:12889: checking if libtool supports shared libraries
configure:12891: result: yes
configure:12894: checking whether to build shared libraries
configure:12919: result: no
configure:12922: checking whether to build static libraries
configure:12926: result: yes
configure:12969: checking for fdatasync
configure:12969: /Applications/Xcode.app/Contents/Developer/Toolchains/XcodeDefault.xctoolchain/usr/bin/clang -o conftest -isysroot /Applications/Xcode.app/Contents/Developer/Platforms/iPhoneSimulator.platform/Developer/SDKs/iPhoneSimulator16.2.sdk -I/Applications/Xcode.app/Contents/Developer/Platforms/iPhoneSimulator.platform/Developer/SDKs/iPhoneSimulator16.2.sdk/usr/include -arch x86_64 -I/Users/brunoloverius/Documents/Aloalto/Oxygis/lib/build/x86_64/include -miphoneos-version-min=9.0 -O3 -fembed-bitcode -DSQLITE_ENABLE_COLUMN_METADATA=1 -DSQLITE_MAX_VARIABLE_NUMBER=250000 -DSQLITE_THREADSAFE=1 -DSQLITE_ENABLE_RTREE=1 -DSQLITE_ENABLE_FTS3=1 -DSQLITE_ENABLE_FTS3_PARENTHESIS=1  -Wl,-arch -Wl,x86_64 -arch_only x86_64 -stdlib=libc++ -isysroot /Applications/Xcode.app/Contents/Developer/Platforms/iPhoneSimulator.platform/Developer/SDKs/iPhoneSimulator16.2.sdk -L/Users/brunoloverius/Documents/Aloalto/Oxygis/lib/build/x86_64/lib -L/Applications/Xcode.app/Contents/Developer/Platforms/iPhoneSimulator.platform/Developer/SDKs/iPhoneSimulator16.2.sdk/usr/lib -arch x86_64 -miphoneos-version-min=9.0 conftest.c  >&5
clang: warning: argument unused during compilation: '-arch_only x86_64' [-Wunused-command-line-argument]
ld: warning: directory not found for option '-L/Users/brunoloverius/Documents/Aloalto/Oxygis/lib/build/x86_64/lib'
configure:12969: $? = 0
configure:12969: result: yes
configure:12969: checking for usleep
configure:12969: /Applications/Xcode.app/Contents/Developer/Toolchains/XcodeDefault.xctoolchain/usr/bin/clang -o conftest -isysroot /Applications/Xcode.app/Contents/Developer/Platforms/iPhoneSimulator.platform/Developer/SDKs/iPhoneSimulator16.2.sdk -I/Applications/Xcode.app/Contents/Developer/Platforms/iPhoneSimulator.platform/Developer/SDKs/iPhoneSimulator16.2.sdk/usr/include -arch x86_64 -I/Users/brunoloverius/Documents/Aloalto/Oxygis/lib/build/x86_64/include -miphoneos-version-min=9.0 -O3 -fembed-bitcode -DSQLITE_ENABLE_COLUMN_METADATA=1 -DSQLITE_MAX_VARIABLE_NUMBER=250000 -DSQLITE_THREADSAFE=1 -DSQLITE_ENABLE_RTREE=1 -DSQLITE_ENABLE_FTS3=1 -DSQLITE_ENABLE_FTS3_PARENTHESIS=1  -Wl,-arch -Wl,x86_64 -arch_only x86_64 -stdlib=libc++ -isysroot /Applications/Xcode.app/Contents/Developer/Platforms/iPhoneSimulator.platform/Developer/SDKs/iPhoneSimulator16.2.sdk -L/Users/brunoloverius/Documents/Aloalto/Oxygis/lib/build/x86_64/lib -L/Applications/Xcode.app/Contents/Developer/Platforms/iPhoneSimulator.platform/Developer/SDKs/iPhoneSimulator16.2.sdk/usr/lib -arch x86_64 -miphoneos-version-min=9.0 conftest.c  >&5
clang: warning: argument unused during compilation: '-arch_only x86_64' [-Wunused-command-line-argument]
ld: warning: directory not found for option '-L/Users/brunoloverius/Documents/Aloalto/Oxygis/lib/build/x86_64/lib'
configure:12969: $? = 0
configure:12969: result: yes
configure:12969: checking for fullfsync
configure:12969: /Applications/Xcode.app/Contents/Developer/Toolchains/XcodeDefault.xctoolchain/usr/bin/clang -o conftest -isysroot /Applications/Xcode.app/Contents/Developer/Platforms/iPhoneSimulator.platform/Developer/SDKs/iPhoneSimulator16.2.sdk -I/Applications/Xcode.app/Contents/Developer/Platforms/iPhoneSimulator.platform/Developer/SDKs/iPhoneSimulator16.2.sdk/usr/include -arch x86_64 -I/Users/brunoloverius/Documents/Aloalto/Oxygis/lib/build/x86_64/include -miphoneos-version-min=9.0 -O3 -fembed-bitcode -DSQLITE_ENABLE_COLUMN_METADATA=1 -DSQLITE_MAX_VARIABLE_NUMBER=250000 -DSQLITE_THREADSAFE=1 -DSQLITE_ENABLE_RTREE=1 -DSQLITE_ENABLE_FTS3=1 -DSQLITE_ENABLE_FTS3_PARENTHESIS=1  -Wl,-arch -Wl,x86_64 -arch_only x86_64 -stdlib=libc++ -isysroot /Applications/Xcode.app/Contents/Developer/Platforms/iPhoneSimulator.platform/Developer/SDKs/iPhoneSimulator16.2.sdk -L/Users/brunoloverius/Documents/Aloalto/Oxygis/lib/build/x86_64/lib -L/Applications/Xcode.app/Contents/Developer/Platforms/iPhoneSimulator.platform/Developer/SDKs/iPhoneSimulator16.2.sdk/usr/lib -arch x86_64 -miphoneos-version-min=9.0 conftest.c  >&5
clang: warning: argument unused during compilation: '-arch_only x86_64' [-Wunused-command-line-argument]
ld: warning: directory not found for option '-L/Users/brunoloverius/Documents/Aloalto/Oxygis/lib/build/x86_64/lib'
Undefined symbols for architecture x86_64:
  "_fullfsync", referenced from:
      _main in conftest-f7b88d.o
ld: symbol(s) not found for architecture x86_64
clang: error: linker command failed with exit code 1 (use -v to see invocation)
configure:12969: $? = 1
configure: failed program was:
| /* confdefs.h */
| #define PACKAGE_NAME "sqlite"
| #define PACKAGE_TARNAME "sqlite"
| #define PACKAGE_VERSION "3.32.3"
| #define PACKAGE_STRING "sqlite 3.32.3"
| #define PACKAGE_BUGREPORT "http://www.sqlite.org"
| #define PACKAGE_URL ""
| #define PACKAGE "sqlite"
| #define VERSION "3.32.3"
| #define HAVE_SYS_TYPES_H 1
| #define HAVE_SYS_STAT_H 1
| #define HAVE_STDLIB_H 1
| #define HAVE_STRING_H 1
| #define HAVE_MEMORY_H 1
| #define HAVE_STRINGS_H 1
| #define HAVE_INTTYPES_H 1
| #define HAVE_STDINT_H 1
| #define HAVE_UNISTD_H 1
| #define HAVE_DLFCN_H 1
| #define LT_OBJDIR ".libs/"
| #define HAVE_FDATASYNC 1
| #define HAVE_USLEEP 1
| /* end confdefs.h.  */
| /* Define fullfsync to an innocuous variant, in case <limits.h> declares fullfsync.
|    For example, HP-UX 11i <limits.h> declares gettimeofday.  */
| #define fullfsync innocuous_fullfsync
| 
| /* System header to define __stub macros and hopefully few prototypes,
|     which can conflict with char fullfsync (); below.
|     Prefer <limits.h> to <assert.h> if __STDC__ is defined, since
|     <limits.h> exists even on freestanding compilers.  */
| 
| #ifdef __STDC__
| # include <limits.h>
| #else
| # include <assert.h>
| #endif
| 
| #undef fullfsync
| 
| /* Override any GCC internal prototype to avoid an error.
|    Use char because int might match the return type of a GCC
|    builtin and then its argument prototype would still apply.  */
| #ifdef __cplusplus
| extern "C"
| #endif
| char fullfsync ();
| /* The GNU C library defines this for functions which it implements
|     to always fail with ENOSYS.  Some functions are actually named
|     something starting with __ and the normal name is an alias.  */
| #if defined __stub_fullfsync || defined __stub___fullfsync
| choke me
| #endif
| 
| int
| main ()
| {
| return fullfsync ();
|   ;
|   return 0;
| }
configure:12969: result: no
configure:12969: checking for localtime_r
configure:12969: /Applications/Xcode.app/Contents/Developer/Toolchains/XcodeDefault.xctoolchain/usr/bin/clang -o conftest -isysroot /Applications/Xcode.app/Contents/Developer/Platforms/iPhoneSimulator.platform/Developer/SDKs/iPhoneSimulator16.2.sdk -I/Applications/Xcode.app/Contents/Developer/Platforms/iPhoneSimulator.platform/Developer/SDKs/iPhoneSimulator16.2.sdk/usr/include -arch x86_64 -I/Users/brunoloverius/Documents/Aloalto/Oxygis/lib/build/x86_64/include -miphoneos-version-min=9.0 -O3 -fembed-bitcode -DSQLITE_ENABLE_COLUMN_METADATA=1 -DSQLITE_MAX_VARIABLE_NUMBER=250000 -DSQLITE_THREADSAFE=1 -DSQLITE_ENABLE_RTREE=1 -DSQLITE_ENABLE_FTS3=1 -DSQLITE_ENABLE_FTS3_PARENTHESIS=1  -Wl,-arch -Wl,x86_64 -arch_only x86_64 -stdlib=libc++ -isysroot /Applications/Xcode.app/Contents/Developer/Platforms/iPhoneSimulator.platform/Developer/SDKs/iPhoneSimulator16.2.sdk -L/Users/brunoloverius/Documents/Aloalto/Oxygis/lib/build/x86_64/lib -L/Applications/Xcode.app/Contents/Developer/Platforms/iPhoneSimulator.platform/Developer/SDKs/iPhoneSimulator16.2.sdk/usr/lib -arch x86_64 -miphoneos-version-min=9.0 conftest.c  >&5
clang: warning: argument unused during compilation: '-arch_only x86_64' [-Wunused-command-line-argument]
ld: warning: directory not found for option '-L/Users/brunoloverius/Documents/Aloalto/Oxygis/lib/build/x86_64/lib'
configure:12969: $? = 0
configure:12969: result: yes
configure:12969: checking for gmtime_r
configure:12969: /Applications/Xcode.app/Contents/Developer/Toolchains/XcodeDefault.xctoolchain/usr/bin/clang -o conftest -isysroot /Applications/Xcode.app/Contents/Developer/Platforms/iPhoneSimulator.platform/Developer/SDKs/iPhoneSimulator16.2.sdk -I/Applications/Xcode.app/Contents/Developer/Platforms/iPhoneSimulator.platform/Developer/SDKs/iPhoneSimulator16.2.sdk/usr/include -arch x86_64 -I/Users/brunoloverius/Documents/Aloalto/Oxygis/lib/build/x86_64/include -miphoneos-version-min=9.0 -O3 -fembed-bitcode -DSQLITE_ENABLE_COLUMN_METADATA=1 -DSQLITE_MAX_VARIABLE_NUMBER=250000 -DSQLITE_THREADSAFE=1 -DSQLITE_ENABLE_RTREE=1 -DSQLITE_ENABLE_FTS3=1 -DSQLITE_ENABLE_FTS3_PARENTHESIS=1  -Wl,-arch -Wl,x86_64 -arch_only x86_64 -stdlib=libc++ -isysroot /Applications/Xcode.app/Contents/Developer/Platforms/iPhoneSimulator.platform/Developer/SDKs/iPhoneSimulator16.2.sdk -L/Users/brunoloverius/Documents/Aloalto/Oxygis/lib/build/x86_64/lib -L/Applications/Xcode.app/Contents/Developer/Platforms/iPhoneSimulator.platform/Developer/SDKs/iPhoneSimulator16.2.sdk/usr/lib -arch x86_64 -miphoneos-version-min=9.0 conftest.c  >&5
clang: warning: argument unused during compilation: '-arch_only x86_64' [-Wunused-command-line-argument]
ld: warning: directory not found for option '-L/Users/brunoloverius/Documents/Aloalto/Oxygis/lib/build/x86_64/lib'
configure:12969: $? = 0
configure:12969: result: yes
configure:12978: checking whether strerror_r is declared
configure:12978: /Applications/Xcode.app/Contents/Developer/Toolchains/XcodeDefault.xctoolchain/usr/bin/clang -c -isysroot /Applications/Xcode.app/Contents/Developer/Platforms/iPhoneSimulator.platform/Developer/SDKs/iPhoneSimulator16.2.sdk -I/Applications/Xcode.app/Contents/Developer/Platforms/iPhoneSimulator.platform/Developer/SDKs/iPhoneSimulator16.2.sdk/usr/include -arch x86_64 -I/Users/brunoloverius/Documents/Aloalto/Oxygis/lib/build/x86_64/include -miphoneos-version-min=9.0 -O3 -fembed-bitcode -DSQLITE_ENABLE_COLUMN_METADATA=1 -DSQLITE_MAX_VARIABLE_NUMBER=250000 -DSQLITE_THREADSAFE=1 -DSQLITE_ENABLE_RTREE=1 -DSQLITE_ENABLE_FTS3=1 -DSQLITE_ENABLE_FTS3_PARENTHESIS=1  conftest.c >&5
configure:12978: $? = 0
configure:12978: result: yes
configure:12991: checking for strerror_r
configure:12991: /Applications/Xcode.app/Contents/Developer/Toolchains/XcodeDefault.xctoolchain/usr/bin/clang -o conftest -isysroot /Applications/Xcode.app/Contents/Developer/Platforms/iPhoneSimulator.platform/Developer/SDKs/iPhoneSimulator16.2.sdk -I/Applications/Xcode.app/Contents/Developer/Platforms/iPhoneSimulator.platform/Developer/SDKs/iPhoneSimulator16.2.sdk/usr/include -arch x86_64 -I/Users/brunoloverius/Documents/Aloalto/Oxygis/lib/build/x86_64/include -miphoneos-version-min=9.0 -O3 -fembed-bitcode -DSQLITE_ENABLE_COLUMN_METADATA=1 -DSQLITE_MAX_VARIABLE_NUMBER=250000 -DSQLITE_THREADSAFE=1 -DSQLITE_ENABLE_RTREE=1 -DSQLITE_ENABLE_FTS3=1 -DSQLITE_ENABLE_FTS3_PARENTHESIS=1  -Wl,-arch -Wl,x86_64 -arch_only x86_64 -stdlib=libc++ -isysroot /Applications/Xcode.app/Contents/Developer/Platforms/iPhoneSimulator.platform/Developer/SDKs/iPhoneSimulator16.2.sdk -L/Users/brunoloverius/Documents/Aloalto/Oxygis/lib/build/x86_64/lib -L/Applications/Xcode.app/Contents/Developer/Platforms/iPhoneSimulator.platform/Developer/SDKs/iPhoneSimulator16.2.sdk/usr/lib -arch x86_64 -miphoneos-version-min=9.0 conftest.c  >&5
clang: warning: argument unused during compilation: '-arch_only x86_64' [-Wunused-command-line-argument]
ld: warning: directory not found for option '-L/Users/brunoloverius/Documents/Aloalto/Oxygis/lib/build/x86_64/lib'
configure:12991: $? = 0
configure:12991: result: yes
configure:13000: checking whether strerror_r returns char *
configure:13024: /Applications/Xcode.app/Contents/Developer/Toolchains/XcodeDefault.xctoolchain/usr/bin/clang -c -isysroot /Applications/Xcode.app/Contents/Developer/Platforms/iPhoneSimulator.platform/Developer/SDKs/iPhoneSimulator16.2.sdk -I/Applications/Xcode.app/Contents/Developer/Platforms/iPhoneSimulator.platform/Developer/SDKs/iPhoneSimulator16.2.sdk/usr/include -arch x86_64 -I/Users/brunoloverius/Documents/Aloalto/Oxygis/lib/build/x86_64/include -miphoneos-version-min=9.0 -O3 -fembed-bitcode -DSQLITE_ENABLE_COLUMN_METADATA=1 -DSQLITE_MAX_VARIABLE_NUMBER=250000 -DSQLITE_THREADSAFE=1 -DSQLITE_ENABLE_RTREE=1 -DSQLITE_ENABLE_FTS3=1 -DSQLITE_ENABLE_FTS3_PARENTHESIS=1  conftest.c >&5
conftest.c:66:13: error: indirection requires pointer operand ('int' invalid)
          char x = *strerror_r (0, buf, sizeof buf);
                   ^~~~~~~~~~~~~~~~~~~~~~~~~~~~~~~~
conftest.c:67:10: warning: incompatible integer to pointer conversion initializing 'char *' with an expression of type 'int' [-Wint-conversion]
          char *p = strerror_r (0, buf, sizeof buf);
                ^   ~~~~~~~~~~~~~~~~~~~~~~~~~~~~~~~
1 warning and 1 error generated.
configure:13024: $? = 1
configure: failed program was:
| /* confdefs.h */
| #define PACKAGE_NAME "sqlite"
| #define PACKAGE_TARNAME "sqlite"
| #define PACKAGE_VERSION "3.32.3"
| #define PACKAGE_STRING "sqlite 3.32.3"
| #define PACKAGE_BUGREPORT "http://www.sqlite.org"
| #define PACKAGE_URL ""
| #define PACKAGE "sqlite"
| #define VERSION "3.32.3"
| #define HAVE_SYS_TYPES_H 1
| #define HAVE_SYS_STAT_H 1
| #define HAVE_STDLIB_H 1
| #define HAVE_STRING_H 1
| #define HAVE_MEMORY_H 1
| #define HAVE_STRINGS_H 1
| #define HAVE_INTTYPES_H 1
| #define HAVE_STDINT_H 1
| #define HAVE_UNISTD_H 1
| #define HAVE_DLFCN_H 1
| #define LT_OBJDIR ".libs/"
| #define HAVE_FDATASYNC 1
| #define HAVE_USLEEP 1
| #define HAVE_LOCALTIME_R 1
| #define HAVE_GMTIME_R 1
| #define HAVE_DECL_STRERROR_R 1
| #define HAVE_STRERROR_R 1
| /* end confdefs.h.  */
| #include <stdio.h>
| #ifdef HAVE_SYS_TYPES_H
| # include <sys/types.h>
| #endif
| #ifdef HAVE_SYS_STAT_H
| # include <sys/stat.h>
| #endif
| #ifdef STDC_HEADERS
| # include <stdlib.h>
| # include <stddef.h>
| #else
| # ifdef HAVE_STDLIB_H
| #  include <stdlib.h>
| # endif
| #endif
| #ifdef HAVE_STRING_H
| # if !defined STDC_HEADERS && defined HAVE_MEMORY_H
| #  include <memory.h>
| # endif
| # include <string.h>
| #endif
| #ifdef HAVE_STRINGS_H
| # include <strings.h>
| #endif
| #ifdef HAVE_INTTYPES_H
| # include <inttypes.h>
| #endif
| #ifdef HAVE_STDINT_H
| # include <stdint.h>
| #endif
| #ifdef HAVE_UNISTD_H
| # include <unistd.h>
| #endif
| int
| main ()
| {
| 
| 	  char buf[100];
| 	  char x = *strerror_r (0, buf, sizeof buf);
| 	  char *p = strerror_r (0, buf, sizeof buf);
| 	  return !p || x;
| 
|   ;
|   return 0;
| }
configure:13062: result: no
configure:13107: checking editline/readline.h usability
configure:13107: /Applications/Xcode.app/Contents/Developer/Toolchains/XcodeDefault.xctoolchain/usr/bin/clang -c -isysroot /Applications/Xcode.app/Contents/Developer/Platforms/iPhoneSimulator.platform/Developer/SDKs/iPhoneSimulator16.2.sdk -I/Applications/Xcode.app/Contents/Developer/Platforms/iPhoneSimulator.platform/Developer/SDKs/iPhoneSimulator16.2.sdk/usr/include -arch x86_64 -I/Users/brunoloverius/Documents/Aloalto/Oxygis/lib/build/x86_64/include -miphoneos-version-min=9.0 -O3 -fembed-bitcode -DSQLITE_ENABLE_COLUMN_METADATA=1 -DSQLITE_MAX_VARIABLE_NUMBER=250000 -DSQLITE_THREADSAFE=1 -DSQLITE_ENABLE_RTREE=1 -DSQLITE_ENABLE_FTS3=1 -DSQLITE_ENABLE_FTS3_PARENTHESIS=1  conftest.c >&5
conftest.c:61:10: fatal error: 'editline/readline.h' file not found
#include <editline/readline.h>
         ^~~~~~~~~~~~~~~~~~~~~
1 error generated.
configure:13107: $? = 1
configure: failed program was:
| /* confdefs.h */
| #define PACKAGE_NAME "sqlite"
| #define PACKAGE_TARNAME "sqlite"
| #define PACKAGE_VERSION "3.32.3"
| #define PACKAGE_STRING "sqlite 3.32.3"
| #define PACKAGE_BUGREPORT "http://www.sqlite.org"
| #define PACKAGE_URL ""
| #define PACKAGE "sqlite"
| #define VERSION "3.32.3"
| #define HAVE_SYS_TYPES_H 1
| #define HAVE_SYS_STAT_H 1
| #define HAVE_STDLIB_H 1
| #define HAVE_STRING_H 1
| #define HAVE_MEMORY_H 1
| #define HAVE_STRINGS_H 1
| #define HAVE_INTTYPES_H 1
| #define HAVE_STDINT_H 1
| #define HAVE_UNISTD_H 1
| #define HAVE_DLFCN_H 1
| #define LT_OBJDIR ".libs/"
| #define HAVE_FDATASYNC 1
| #define HAVE_USLEEP 1
| #define HAVE_LOCALTIME_R 1
| #define HAVE_GMTIME_R 1
| #define HAVE_DECL_STRERROR_R 1
| #define HAVE_STRERROR_R 1
| /* end confdefs.h.  */
| #include <stdio.h>
| #ifdef HAVE_SYS_TYPES_H
| # include <sys/types.h>
| #endif
| #ifdef HAVE_SYS_STAT_H
| # include <sys/stat.h>
| #endif
| #ifdef STDC_HEADERS
| # include <stdlib.h>
| # include <stddef.h>
| #else
| # ifdef HAVE_STDLIB_H
| #  include <stdlib.h>
| # endif
| #endif
| #ifdef HAVE_STRING_H
| # if !defined STDC_HEADERS && defined HAVE_MEMORY_H
| #  include <memory.h>
| # endif
| # include <string.h>
| #endif
| #ifdef HAVE_STRINGS_H
| # include <strings.h>
| #endif
| #ifdef HAVE_INTTYPES_H
| # include <inttypes.h>
| #endif
| #ifdef HAVE_STDINT_H
| # include <stdint.h>
| #endif
| #ifdef HAVE_UNISTD_H
| # include <unistd.h>
| #endif
| #include <editline/readline.h>
configure:13107: result: no
configure:13107: checking editline/readline.h presence
configure:13107: /Applications/Xcode.app/Contents/Developer/Toolchains/XcodeDefault.xctoolchain/usr/bin/clang -E  conftest.c
conftest.c:28:10: fatal error: 'editline/readline.h' file not found
#include <editline/readline.h>
         ^~~~~~~~~~~~~~~~~~~~~
1 error generated.
configure:13107: $? = 1
configure: failed program was:
| /* confdefs.h */
| #define PACKAGE_NAME "sqlite"
| #define PACKAGE_TARNAME "sqlite"
| #define PACKAGE_VERSION "3.32.3"
| #define PACKAGE_STRING "sqlite 3.32.3"
| #define PACKAGE_BUGREPORT "http://www.sqlite.org"
| #define PACKAGE_URL ""
| #define PACKAGE "sqlite"
| #define VERSION "3.32.3"
| #define HAVE_SYS_TYPES_H 1
| #define HAVE_SYS_STAT_H 1
| #define HAVE_STDLIB_H 1
| #define HAVE_STRING_H 1
| #define HAVE_MEMORY_H 1
| #define HAVE_STRINGS_H 1
| #define HAVE_INTTYPES_H 1
| #define HAVE_STDINT_H 1
| #define HAVE_UNISTD_H 1
| #define HAVE_DLFCN_H 1
| #define LT_OBJDIR ".libs/"
| #define HAVE_FDATASYNC 1
| #define HAVE_USLEEP 1
| #define HAVE_LOCALTIME_R 1
| #define HAVE_GMTIME_R 1
| #define HAVE_DECL_STRERROR_R 1
| #define HAVE_STRERROR_R 1
| /* end confdefs.h.  */
| #include <editline/readline.h>
configure:13107: result: no
configure:13107: checking for editline/readline.h
configure:13107: result: no
configure:13191: checking readline/readline.h usability
configure:13191: /Applications/Xcode.app/Contents/Developer/Toolchains/XcodeDefault.xctoolchain/usr/bin/clang -c -isysroot /Applications/Xcode.app/Contents/Developer/Platforms/iPhoneSimulator.platform/Developer/SDKs/iPhoneSimulator16.2.sdk -I/Applications/Xcode.app/Contents/Developer/Platforms/iPhoneSimulator.platform/Developer/SDKs/iPhoneSimulator16.2.sdk/usr/include -arch x86_64 -I/Users/brunoloverius/Documents/Aloalto/Oxygis/lib/build/x86_64/include -miphoneos-version-min=9.0 -O3 -fembed-bitcode -DSQLITE_ENABLE_COLUMN_METADATA=1 -DSQLITE_MAX_VARIABLE_NUMBER=250000 -DSQLITE_THREADSAFE=1 -DSQLITE_ENABLE_RTREE=1 -DSQLITE_ENABLE_FTS3=1 -DSQLITE_ENABLE_FTS3_PARENTHESIS=1  conftest.c >&5
conftest.c:61:10: fatal error: 'readline/readline.h' file not found
#include <readline/readline.h>
         ^~~~~~~~~~~~~~~~~~~~~
1 error generated.
configure:13191: $? = 1
configure: failed program was:
| /* confdefs.h */
| #define PACKAGE_NAME "sqlite"
| #define PACKAGE_TARNAME "sqlite"
| #define PACKAGE_VERSION "3.32.3"
| #define PACKAGE_STRING "sqlite 3.32.3"
| #define PACKAGE_BUGREPORT "http://www.sqlite.org"
| #define PACKAGE_URL ""
| #define PACKAGE "sqlite"
| #define VERSION "3.32.3"
| #define HAVE_SYS_TYPES_H 1
| #define HAVE_SYS_STAT_H 1
| #define HAVE_STDLIB_H 1
| #define HAVE_STRING_H 1
| #define HAVE_MEMORY_H 1
| #define HAVE_STRINGS_H 1
| #define HAVE_INTTYPES_H 1
| #define HAVE_STDINT_H 1
| #define HAVE_UNISTD_H 1
| #define HAVE_DLFCN_H 1
| #define LT_OBJDIR ".libs/"
| #define HAVE_FDATASYNC 1
| #define HAVE_USLEEP 1
| #define HAVE_LOCALTIME_R 1
| #define HAVE_GMTIME_R 1
| #define HAVE_DECL_STRERROR_R 1
| #define HAVE_STRERROR_R 1
| /* end confdefs.h.  */
| #include <stdio.h>
| #ifdef HAVE_SYS_TYPES_H
| # include <sys/types.h>
| #endif
| #ifdef HAVE_SYS_STAT_H
| # include <sys/stat.h>
| #endif
| #ifdef STDC_HEADERS
| # include <stdlib.h>
| # include <stddef.h>
| #else
| # ifdef HAVE_STDLIB_H
| #  include <stdlib.h>
| # endif
| #endif
| #ifdef HAVE_STRING_H
| # if !defined STDC_HEADERS && defined HAVE_MEMORY_H
| #  include <memory.h>
| # endif
| # include <string.h>
| #endif
| #ifdef HAVE_STRINGS_H
| # include <strings.h>
| #endif
| #ifdef HAVE_INTTYPES_H
| # include <inttypes.h>
| #endif
| #ifdef HAVE_STDINT_H
| # include <stdint.h>
| #endif
| #ifdef HAVE_UNISTD_H
| # include <unistd.h>
| #endif
| #include <readline/readline.h>
configure:13191: result: no
configure:13191: checking readline/readline.h presence
configure:13191: /Applications/Xcode.app/Contents/Developer/Toolchains/XcodeDefault.xctoolchain/usr/bin/clang -E  conftest.c
conftest.c:28:10: fatal error: 'readline/readline.h' file not found
#include <readline/readline.h>
         ^~~~~~~~~~~~~~~~~~~~~
1 error generated.
configure:13191: $? = 1
configure: failed program was:
| /* confdefs.h */
| #define PACKAGE_NAME "sqlite"
| #define PACKAGE_TARNAME "sqlite"
| #define PACKAGE_VERSION "3.32.3"
| #define PACKAGE_STRING "sqlite 3.32.3"
| #define PACKAGE_BUGREPORT "http://www.sqlite.org"
| #define PACKAGE_URL ""
| #define PACKAGE "sqlite"
| #define VERSION "3.32.3"
| #define HAVE_SYS_TYPES_H 1
| #define HAVE_SYS_STAT_H 1
| #define HAVE_STDLIB_H 1
| #define HAVE_STRING_H 1
| #define HAVE_MEMORY_H 1
| #define HAVE_STRINGS_H 1
| #define HAVE_INTTYPES_H 1
| #define HAVE_STDINT_H 1
| #define HAVE_UNISTD_H 1
| #define HAVE_DLFCN_H 1
| #define LT_OBJDIR ".libs/"
| #define HAVE_FDATASYNC 1
| #define HAVE_USLEEP 1
| #define HAVE_LOCALTIME_R 1
| #define HAVE_GMTIME_R 1
| #define HAVE_DECL_STRERROR_R 1
| #define HAVE_STRERROR_R 1
| /* end confdefs.h.  */
| #include <readline/readline.h>
configure:13191: result: no
configure:13191: checking for readline/readline.h
configure:13191: result: no
configure:13340: checking for library containing pthread_create
configure:13371: /Applications/Xcode.app/Contents/Developer/Toolchains/XcodeDefault.xctoolchain/usr/bin/clang -o conftest -isysroot /Applications/Xcode.app/Contents/Developer/Platforms/iPhoneSimulator.platform/Developer/SDKs/iPhoneSimulator16.2.sdk -I/Applications/Xcode.app/Contents/Developer/Platforms/iPhoneSimulator.platform/Developer/SDKs/iPhoneSimulator16.2.sdk/usr/include -arch x86_64 -I/Users/brunoloverius/Documents/Aloalto/Oxygis/lib/build/x86_64/include -miphoneos-version-min=9.0 -O3 -fembed-bitcode -DSQLITE_ENABLE_COLUMN_METADATA=1 -DSQLITE_MAX_VARIABLE_NUMBER=250000 -DSQLITE_THREADSAFE=1 -DSQLITE_ENABLE_RTREE=1 -DSQLITE_ENABLE_FTS3=1 -DSQLITE_ENABLE_FTS3_PARENTHESIS=1  -Wl,-arch -Wl,x86_64 -arch_only x86_64 -stdlib=libc++ -isysroot /Applications/Xcode.app/Contents/Developer/Platforms/iPhoneSimulator.platform/Developer/SDKs/iPhoneSimulator16.2.sdk -L/Users/brunoloverius/Documents/Aloalto/Oxygis/lib/build/x86_64/lib -L/Applications/Xcode.app/Contents/Developer/Platforms/iPhoneSimulator.platform/Developer/SDKs/iPhoneSimulator16.2.sdk/usr/lib -arch x86_64 -miphoneos-version-min=9.0 conftest.c  >&5
clang: warning: argument unused during compilation: '-arch_only x86_64' [-Wunused-command-line-argument]
ld: warning: directory not found for option '-L/Users/brunoloverius/Documents/Aloalto/Oxygis/lib/build/x86_64/lib'
configure:13371: $? = 0
configure:13388: result: none required
configure:13396: checking for library containing pthread_mutexattr_init
configure:13427: /Applications/Xcode.app/Contents/Developer/Toolchains/XcodeDefault.xctoolchain/usr/bin/clang -o conftest -isysroot /Applications/Xcode.app/Contents/Developer/Platforms/iPhoneSimulator.platform/Developer/SDKs/iPhoneSimulator16.2.sdk -I/Applications/Xcode.app/Contents/Developer/Platforms/iPhoneSimulator.platform/Developer/SDKs/iPhoneSimulator16.2.sdk/usr/include -arch x86_64 -I/Users/brunoloverius/Documents/Aloalto/Oxygis/lib/build/x86_64/include -miphoneos-version-min=9.0 -O3 -fembed-bitcode -DSQLITE_ENABLE_COLUMN_METADATA=1 -DSQLITE_MAX_VARIABLE_NUMBER=250000 -DSQLITE_THREADSAFE=1 -DSQLITE_ENABLE_RTREE=1 -DSQLITE_ENABLE_FTS3=1 -DSQLITE_ENABLE_FTS3_PARENTHESIS=1  -Wl,-arch -Wl,x86_64 -arch_only x86_64 -stdlib=libc++ -isysroot /Applications/Xcode.app/Contents/Developer/Platforms/iPhoneSimulator.platform/Developer/SDKs/iPhoneSimulator16.2.sdk -L/Users/brunoloverius/Documents/Aloalto/Oxygis/lib/build/x86_64/lib -L/Applications/Xcode.app/Contents/Developer/Platforms/iPhoneSimulator.platform/Developer/SDKs/iPhoneSimulator16.2.sdk/usr/lib -arch x86_64 -miphoneos-version-min=9.0 conftest.c  >&5
clang: warning: argument unused during compilation: '-arch_only x86_64' [-Wunused-command-line-argument]
ld: warning: directory not found for option '-L/Users/brunoloverius/Documents/Aloalto/Oxygis/lib/build/x86_64/lib'
configure:13427: $? = 0
configure:13444: result: none required
configure:13466: checking for library containing dlopen
configure:13497: /Applications/Xcode.app/Contents/Developer/Toolchains/XcodeDefault.xctoolchain/usr/bin/clang -o conftest -isysroot /Applications/Xcode.app/Contents/Developer/Platforms/iPhoneSimulator.platform/Developer/SDKs/iPhoneSimulator16.2.sdk -I/Applications/Xcode.app/Contents/Developer/Platforms/iPhoneSimulator.platform/Developer/SDKs/iPhoneSimulator16.2.sdk/usr/include -arch x86_64 -I/Users/brunoloverius/Documents/Aloalto/Oxygis/lib/build/x86_64/include -miphoneos-version-min=9.0 -O3 -fembed-bitcode -DSQLITE_ENABLE_COLUMN_METADATA=1 -DSQLITE_MAX_VARIABLE_NUMBER=250000 -DSQLITE_THREADSAFE=1 -DSQLITE_ENABLE_RTREE=1 -DSQLITE_ENABLE_FTS3=1 -DSQLITE_ENABLE_FTS3_PARENTHESIS=1  -Wl,-arch -Wl,x86_64 -arch_only x86_64 -stdlib=libc++ -isysroot /Applications/Xcode.app/Contents/Developer/Platforms/iPhoneSimulator.platform/Developer/SDKs/iPhoneSimulator16.2.sdk -L/Users/brunoloverius/Documents/Aloalto/Oxygis/lib/build/x86_64/lib -L/Applications/Xcode.app/Contents/Developer/Platforms/iPhoneSimulator.platform/Developer/SDKs/iPhoneSimulator16.2.sdk/usr/lib -arch x86_64 -miphoneos-version-min=9.0 conftest.c  >&5
clang: warning: argument unused during compilation: '-arch_only x86_64' [-Wunused-command-line-argument]
ld: warning: directory not found for option '-L/Users/brunoloverius/Documents/Aloalto/Oxygis/lib/build/x86_64/lib'
configure:13497: $? = 0
configure:13514: result: none required
configure:13525: checking for whether to support dynamic extensions
configure:13527: result: yes
configure:13570: checking for library containing log
configure:13601: /Applications/Xcode.app/Contents/Developer/Toolchains/XcodeDefault.xctoolchain/usr/bin/clang -o conftest -isysroot /Applications/Xcode.app/Contents/Developer/Platforms/iPhoneSimulator.platform/Developer/SDKs/iPhoneSimulator16.2.sdk -I/Applications/Xcode.app/Contents/Developer/Platforms/iPhoneSimulator.platform/Developer/SDKs/iPhoneSimulator16.2.sdk/usr/include -arch x86_64 -I/Users/brunoloverius/Documents/Aloalto/Oxygis/lib/build/x86_64/include -miphoneos-version-min=9.0 -O3 -fembed-bitcode -DSQLITE_ENABLE_COLUMN_METADATA=1 -DSQLITE_MAX_VARIABLE_NUMBER=250000 -DSQLITE_THREADSAFE=1 -DSQLITE_ENABLE_RTREE=1 -DSQLITE_ENABLE_FTS3=1 -DSQLITE_ENABLE_FTS3_PARENTHESIS=1  -Wl,-arch -Wl,x86_64 -arch_only x86_64 -stdlib=libc++ -isysroot /Applications/Xcode.app/Contents/Developer/Platforms/iPhoneSimulator.platform/Developer/SDKs/iPhoneSimulator16.2.sdk -L/Users/brunoloverius/Documents/Aloalto/Oxygis/lib/build/x86_64/lib -L/Applications/Xcode.app/Contents/Developer/Platforms/iPhoneSimulator.platform/Developer/SDKs/iPhoneSimulator16.2.sdk/usr/lib -arch x86_64 -miphoneos-version-min=9.0 conftest.c  >&5
clang: warning: argument unused during compilation: '-arch_only x86_64' [-Wunused-command-line-argument]
conftest.c:35:6: warning: incompatible redeclaration of library function 'log' [-Wincompatible-library-redeclaration]
char log ();
     ^
conftest.c:35:6: note: 'log' is a builtin with type 'double (double)'
1 warning generated.
ld: warning: directory not found for option '-L/Users/brunoloverius/Documents/Aloalto/Oxygis/lib/build/x86_64/lib'
configure:13601: $? = 0
configure:13618: result: none required
configure:13707: checking for posix_fallocate
configure:13707: /Applications/Xcode.app/Contents/Developer/Toolchains/XcodeDefault.xctoolchain/usr/bin/clang -o conftest -isysroot /Applications/Xcode.app/Contents/Developer/Platforms/iPhoneSimulator.platform/Developer/SDKs/iPhoneSimulator16.2.sdk -I/Applications/Xcode.app/Contents/Developer/Platforms/iPhoneSimulator.platform/Developer/SDKs/iPhoneSimulator16.2.sdk/usr/include -arch x86_64 -I/Users/brunoloverius/Documents/Aloalto/Oxygis/lib/build/x86_64/include -miphoneos-version-min=9.0 -O3 -fembed-bitcode -DSQLITE_ENABLE_COLUMN_METADATA=1 -DSQLITE_MAX_VARIABLE_NUMBER=250000 -DSQLITE_THREADSAFE=1 -DSQLITE_ENABLE_RTREE=1 -DSQLITE_ENABLE_FTS3=1 -DSQLITE_ENABLE_FTS3_PARENTHESIS=1  -Wl,-arch -Wl,x86_64 -arch_only x86_64 -stdlib=libc++ -isysroot /Applications/Xcode.app/Contents/Developer/Platforms/iPhoneSimulator.platform/Developer/SDKs/iPhoneSimulator16.2.sdk -L/Users/brunoloverius/Documents/Aloalto/Oxygis/lib/build/x86_64/lib -L/Applications/Xcode.app/Contents/Developer/Platforms/iPhoneSimulator.platform/Developer/SDKs/iPhoneSimulator16.2.sdk/usr/lib -arch x86_64 -miphoneos-version-min=9.0 conftest.c  >&5
clang: warning: argument unused during compilation: '-arch_only x86_64' [-Wunused-command-line-argument]
ld: warning: directory not found for option '-L/Users/brunoloverius/Documents/Aloalto/Oxygis/lib/build/x86_64/lib'
Undefined symbols for architecture x86_64:
  "_posix_fallocate", referenced from:
      _main in conftest-e66281.o
ld: symbol(s) not found for architecture x86_64
clang: error: linker command failed with exit code 1 (use -v to see invocation)
configure:13707: $? = 1
configure: failed program was:
| /* confdefs.h */
| #define PACKAGE_NAME "sqlite"
| #define PACKAGE_TARNAME "sqlite"
| #define PACKAGE_VERSION "3.32.3"
| #define PACKAGE_STRING "sqlite 3.32.3"
| #define PACKAGE_BUGREPORT "http://www.sqlite.org"
| #define PACKAGE_URL ""
| #define PACKAGE "sqlite"
| #define VERSION "3.32.3"
| #define HAVE_SYS_TYPES_H 1
| #define HAVE_SYS_STAT_H 1
| #define HAVE_STDLIB_H 1
| #define HAVE_STRING_H 1
| #define HAVE_MEMORY_H 1
| #define HAVE_STRINGS_H 1
| #define HAVE_INTTYPES_H 1
| #define HAVE_STDINT_H 1
| #define HAVE_UNISTD_H 1
| #define HAVE_DLFCN_H 1
| #define LT_OBJDIR ".libs/"
| #define HAVE_FDATASYNC 1
| #define HAVE_USLEEP 1
| #define HAVE_LOCALTIME_R 1
| #define HAVE_GMTIME_R 1
| #define HAVE_DECL_STRERROR_R 1
| #define HAVE_STRERROR_R 1
| /* end confdefs.h.  */
| /* Define posix_fallocate to an innocuous variant, in case <limits.h> declares posix_fallocate.
|    For example, HP-UX 11i <limits.h> declares gettimeofday.  */
| #define posix_fallocate innocuous_posix_fallocate
| 
| /* System header to define __stub macros and hopefully few prototypes,
|     which can conflict with char posix_fallocate (); below.
|     Prefer <limits.h> to <assert.h> if __STDC__ is defined, since
|     <limits.h> exists even on freestanding compilers.  */
| 
| #ifdef __STDC__
| # include <limits.h>
| #else
| # include <assert.h>
| #endif
| 
| #undef posix_fallocate
| 
| /* Override any GCC internal prototype to avoid an error.
|    Use char because int might match the return type of a GCC
|    builtin and then its argument prototype would still apply.  */
| #ifdef __cplusplus
| extern "C"
| #endif
| char posix_fallocate ();
| /* The GNU C library defines this for functions which it implements
|     to always fail with ENOSYS.  Some functions are actually named
|     something starting with __ and the normal name is an alias.  */
| #if defined __stub_posix_fallocate || defined __stub___posix_fallocate
| choke me
| #endif
| 
| int
| main ()
| {
| return posix_fallocate ();
|   ;
|   return 0;
| }
configure:13707: result: no
configure:13718: checking zlib.h usability
configure:13718: /Applications/Xcode.app/Contents/Developer/Toolchains/XcodeDefault.xctoolchain/usr/bin/clang -c -isysroot /Applications/Xcode.app/Contents/Developer/Platforms/iPhoneSimulator.platform/Developer/SDKs/iPhoneSimulator16.2.sdk -I/Applications/Xcode.app/Contents/Developer/Platforms/iPhoneSimulator.platform/Developer/SDKs/iPhoneSimulator16.2.sdk/usr/include -arch x86_64 -I/Users/brunoloverius/Documents/Aloalto/Oxygis/lib/build/x86_64/include -miphoneos-version-min=9.0 -O3 -fembed-bitcode -DSQLITE_ENABLE_COLUMN_METADATA=1 -DSQLITE_MAX_VARIABLE_NUMBER=250000 -DSQLITE_THREADSAFE=1 -DSQLITE_ENABLE_RTREE=1 -DSQLITE_ENABLE_FTS3=1 -DSQLITE_ENABLE_FTS3_PARENTHESIS=1  conftest.c >&5
configure:13718: $? = 0
configure:13718: result: yes
configure:13718: checking zlib.h presence
configure:13718: /Applications/Xcode.app/Contents/Developer/Toolchains/XcodeDefault.xctoolchain/usr/bin/clang -E  conftest.c
conftest.c:28:10: fatal error: 'zlib.h' file not found
#include <zlib.h>
         ^~~~~~~~
1 error generated.
configure:13718: $? = 1
configure: failed program was:
| /* confdefs.h */
| #define PACKAGE_NAME "sqlite"
| #define PACKAGE_TARNAME "sqlite"
| #define PACKAGE_VERSION "3.32.3"
| #define PACKAGE_STRING "sqlite 3.32.3"
| #define PACKAGE_BUGREPORT "http://www.sqlite.org"
| #define PACKAGE_URL ""
| #define PACKAGE "sqlite"
| #define VERSION "3.32.3"
| #define HAVE_SYS_TYPES_H 1
| #define HAVE_SYS_STAT_H 1
| #define HAVE_STDLIB_H 1
| #define HAVE_STRING_H 1
| #define HAVE_MEMORY_H 1
| #define HAVE_STRINGS_H 1
| #define HAVE_INTTYPES_H 1
| #define HAVE_STDINT_H 1
| #define HAVE_UNISTD_H 1
| #define HAVE_DLFCN_H 1
| #define LT_OBJDIR ".libs/"
| #define HAVE_FDATASYNC 1
| #define HAVE_USLEEP 1
| #define HAVE_LOCALTIME_R 1
| #define HAVE_GMTIME_R 1
| #define HAVE_DECL_STRERROR_R 1
| #define HAVE_STRERROR_R 1
| /* end confdefs.h.  */
| #include <zlib.h>
configure:13718: result: no
configure:13718: WARNING: zlib.h: accepted by the compiler, rejected by the preprocessor!
configure:13718: WARNING: zlib.h: proceeding with the compiler's result
configure:13718: checking for zlib.h
configure:13718: result: yes
configure:13724: checking for library containing deflate
configure:13755: /Applications/Xcode.app/Contents/Developer/Toolchains/XcodeDefault.xctoolchain/usr/bin/clang -o conftest -isysroot /Applications/Xcode.app/Contents/Developer/Platforms/iPhoneSimulator.platform/Developer/SDKs/iPhoneSimulator16.2.sdk -I/Applications/Xcode.app/Contents/Developer/Platforms/iPhoneSimulator.platform/Developer/SDKs/iPhoneSimulator16.2.sdk/usr/include -arch x86_64 -I/Users/brunoloverius/Documents/Aloalto/Oxygis/lib/build/x86_64/include -miphoneos-version-min=9.0 -O3 -fembed-bitcode -DSQLITE_ENABLE_COLUMN_METADATA=1 -DSQLITE_MAX_VARIABLE_NUMBER=250000 -DSQLITE_THREADSAFE=1 -DSQLITE_ENABLE_RTREE=1 -DSQLITE_ENABLE_FTS3=1 -DSQLITE_ENABLE_FTS3_PARENTHESIS=1  -Wl,-arch -Wl,x86_64 -arch_only x86_64 -stdlib=libc++ -isysroot /Applications/Xcode.app/Contents/Developer/Platforms/iPhoneSimulator.platform/Developer/SDKs/iPhoneSimulator16.2.sdk -L/Users/brunoloverius/Documents/Aloalto/Oxygis/lib/build/x86_64/lib -L/Applications/Xcode.app/Contents/Developer/Platforms/iPhoneSimulator.platform/Developer/SDKs/iPhoneSimulator16.2.sdk/usr/lib -arch x86_64 -miphoneos-version-min=9.0 conftest.c  >&5
clang: warning: argument unused during compilation: '-arch_only x86_64' [-Wunused-command-line-argument]
ld: warning: directory not found for option '-L/Users/brunoloverius/Documents/Aloalto/Oxygis/lib/build/x86_64/lib'
Undefined symbols for architecture x86_64:
  "_deflate", referenced from:
      _main in conftest-481ba7.o
ld: symbol(s) not found for architecture x86_64
clang: error: linker command failed with exit code 1 (use -v to see invocation)
configure:13755: $? = 1
configure: failed program was:
| /* confdefs.h */
| #define PACKAGE_NAME "sqlite"
| #define PACKAGE_TARNAME "sqlite"
| #define PACKAGE_VERSION "3.32.3"
| #define PACKAGE_STRING "sqlite 3.32.3"
| #define PACKAGE_BUGREPORT "http://www.sqlite.org"
| #define PACKAGE_URL ""
| #define PACKAGE "sqlite"
| #define VERSION "3.32.3"
| #define HAVE_SYS_TYPES_H 1
| #define HAVE_SYS_STAT_H 1
| #define HAVE_STDLIB_H 1
| #define HAVE_STRING_H 1
| #define HAVE_MEMORY_H 1
| #define HAVE_STRINGS_H 1
| #define HAVE_INTTYPES_H 1
| #define HAVE_STDINT_H 1
| #define HAVE_UNISTD_H 1
| #define HAVE_DLFCN_H 1
| #define LT_OBJDIR ".libs/"
| #define HAVE_FDATASYNC 1
| #define HAVE_USLEEP 1
| #define HAVE_LOCALTIME_R 1
| #define HAVE_GMTIME_R 1
| #define HAVE_DECL_STRERROR_R 1
| #define HAVE_STRERROR_R 1
| #define HAVE_ZLIB_H 1
| /* end confdefs.h.  */
| 
| /* Override any GCC internal prototype to avoid an error.
|    Use char because int might match the return type of a GCC
|    builtin and then its argument prototype would still apply.  */
| #ifdef __cplusplus
| extern "C"
| #endif
| char deflate ();
| int
| main ()
| {
| return deflate ();
|   ;
|   return 0;
| }
configure:13755: /Applications/Xcode.app/Contents/Developer/Toolchains/XcodeDefault.xctoolchain/usr/bin/clang -o conftest -isysroot /Applications/Xcode.app/Contents/Developer/Platforms/iPhoneSimulator.platform/Developer/SDKs/iPhoneSimulator16.2.sdk -I/Applications/Xcode.app/Contents/Developer/Platforms/iPhoneSimulator.platform/Developer/SDKs/iPhoneSimulator16.2.sdk/usr/include -arch x86_64 -I/Users/brunoloverius/Documents/Aloalto/Oxygis/lib/build/x86_64/include -miphoneos-version-min=9.0 -O3 -fembed-bitcode -DSQLITE_ENABLE_COLUMN_METADATA=1 -DSQLITE_MAX_VARIABLE_NUMBER=250000 -DSQLITE_THREADSAFE=1 -DSQLITE_ENABLE_RTREE=1 -DSQLITE_ENABLE_FTS3=1 -DSQLITE_ENABLE_FTS3_PARENTHESIS=1  -Wl,-arch -Wl,x86_64 -arch_only x86_64 -stdlib=libc++ -isysroot /Applications/Xcode.app/Contents/Developer/Platforms/iPhoneSimulator.platform/Developer/SDKs/iPhoneSimulator16.2.sdk -L/Users/brunoloverius/Documents/Aloalto/Oxygis/lib/build/x86_64/lib -L/Applications/Xcode.app/Contents/Developer/Platforms/iPhoneSimulator.platform/Developer/SDKs/iPhoneSimulator16.2.sdk/usr/lib -arch x86_64 -miphoneos-version-min=9.0 conftest.c -lz   >&5
clang: warning: argument unused during compilation: '-arch_only x86_64' [-Wunused-command-line-argument]
ld: warning: directory not found for option '-L/Users/brunoloverius/Documents/Aloalto/Oxygis/lib/build/x86_64/lib'
configure:13755: $? = 0
configure:13772: result: -lz
configure:13786: checking for library containing system
configure:13817: /Applications/Xcode.app/Contents/Developer/Toolchains/XcodeDefault.xctoolchain/usr/bin/clang -o conftest -isysroot /Applications/Xcode.app/Contents/Developer/Platforms/iPhoneSimulator.platform/Developer/SDKs/iPhoneSimulator16.2.sdk -I/Applications/Xcode.app/Contents/Developer/Platforms/iPhoneSimulator.platform/Developer/SDKs/iPhoneSimulator16.2.sdk/usr/include -arch x86_64 -I/Users/brunoloverius/Documents/Aloalto/Oxygis/lib/build/x86_64/include -miphoneos-version-min=9.0 -O3 -fembed-bitcode -DSQLITE_ENABLE_COLUMN_METADATA=1 -DSQLITE_MAX_VARIABLE_NUMBER=250000 -DSQLITE_THREADSAFE=1 -DSQLITE_ENABLE_RTREE=1 -DSQLITE_ENABLE_FTS3=1 -DSQLITE_ENABLE_FTS3_PARENTHESIS=1  -Wl,-arch -Wl,x86_64 -arch_only x86_64 -stdlib=libc++ -isysroot /Applications/Xcode.app/Contents/Developer/Platforms/iPhoneSimulator.platform/Developer/SDKs/iPhoneSimulator16.2.sdk -L/Users/brunoloverius/Documents/Aloalto/Oxygis/lib/build/x86_64/lib -L/Applications/Xcode.app/Contents/Developer/Platforms/iPhoneSimulator.platform/Developer/SDKs/iPhoneSimulator16.2.sdk/usr/lib -arch x86_64 -miphoneos-version-min=9.0 conftest.c -lz  >&5
clang: warning: argument unused during compilation: '-arch_only x86_64' [-Wunused-command-line-argument]
ld: warning: directory not found for option '-L/Users/brunoloverius/Documents/Aloalto/Oxygis/lib/build/x86_64/lib'
configure:13817: $? = 0
configure:13834: result: none required
configure:14016: checking that generated files are newer than configure
configure:14022: result: done
configure:14049: creating ./config.status

## ---------------------- ##
## Running config.status. ##
## ---------------------- ##

This file was extended by sqlite config.status 3.32.3, which was
generated by GNU Autoconf 2.69.  Invocation command line was

  CONFIG_FILES    = 
  CONFIG_HEADERS  = 
  CONFIG_LINKS    = 
  CONFIG_COMMANDS = 
  $ ./config.status 

on Brunos-MacBook-Pro-2.local

config.status:1015: creating Makefile
config.status:1015: creating sqlite3.pc
config.status:1187: executing depfiles commands
config.status:1187: executing libtool commands

## ---------------- ##
## Cache variables. ##
## ---------------- ##

ac_cv_build=arm-apple-darwin22.3.0
ac_cv_c_compiler_gnu=yes
ac_cv_env_CC_set=set
ac_cv_env_CC_value=/Applications/Xcode.app/Contents/Developer/Toolchains/XcodeDefault.xctoolchain/usr/bin/clang
ac_cv_env_CFLAGS_set=set
ac_cv_env_CFLAGS_value='-isysroot /Applications/Xcode.app/Contents/Developer/Platforms/iPhoneSimulator.platform/Developer/SDKs/iPhoneSimulator16.2.sdk -I/Applications/Xcode.app/Contents/Developer/Platforms/iPhoneSimulator.platform/Developer/SDKs/iPhoneSimulator16.2.sdk/usr/include -arch x86_64 -I/Users/brunoloverius/Documents/Aloalto/Oxygis/lib/build/x86_64/include -miphoneos-version-min=9.0 -O3 -fembed-bitcode -DSQLITE_ENABLE_COLUMN_METADATA=1 -DSQLITE_MAX_VARIABLE_NUMBER=250000 -DSQLITE_THREADSAFE=1 -DSQLITE_ENABLE_RTREE=1 -DSQLITE_ENABLE_FTS3=1 -DSQLITE_ENABLE_FTS3_PARENTHESIS=1'
ac_cv_env_CPPFLAGS_set=
ac_cv_env_CPPFLAGS_value=
ac_cv_env_CPP_set=
ac_cv_env_CPP_value=
ac_cv_env_LDFLAGS_set=set
ac_cv_env_LDFLAGS_value='-Wl,-arch -Wl,x86_64 -arch_only x86_64 -stdlib=libc++ -isysroot /Applications/Xcode.app/Contents/Developer/Platforms/iPhoneSimulator.platform/Developer/SDKs/iPhoneSimulator16.2.sdk -L/Users/brunoloverius/Documents/Aloalto/Oxygis/lib/build/x86_64/lib -L/Applications/Xcode.app/Contents/Developer/Platforms/iPhoneSimulator.platform/Developer/SDKs/iPhoneSimulator16.2.sdk/usr/lib -arch x86_64 -miphoneos-version-min=9.0'
ac_cv_env_LIBS_set=
ac_cv_env_LIBS_value=
ac_cv_env_LT_SYS_LIBRARY_PATH_set=
ac_cv_env_LT_SYS_LIBRARY_PATH_value=
ac_cv_env_build_alias_set=
ac_cv_env_build_alias_value=
ac_cv_env_host_alias_set=set
ac_cv_env_host_alias_value=x86_64-apple-darwin
ac_cv_env_target_alias_set=
ac_cv_env_target_alias_value=
ac_cv_func_fdatasync=yes
ac_cv_func_fullfsync=no
ac_cv_func_gmtime_r=yes
ac_cv_func_localtime_r=yes
ac_cv_func_posix_fallocate=no
ac_cv_func_strerror_r=yes
ac_cv_func_strerror_r_char_p=no
ac_cv_func_usleep=yes
ac_cv_have_decl_strerror_r=yes
ac_cv_header_dlfcn_h=yes
ac_cv_header_editline_readline_h=no
ac_cv_header_inttypes_h=yes
ac_cv_header_memory_h=yes
ac_cv_header_readline_readline_h=no
ac_cv_header_stdc=no
ac_cv_header_stdint_h=yes
ac_cv_header_stdlib_h=yes
ac_cv_header_string_h=yes
ac_cv_header_strings_h=yes
ac_cv_header_sys_stat_h=yes
ac_cv_header_sys_types_h=yes
ac_cv_header_unistd_h=yes
ac_cv_header_zlib_h=yes
ac_cv_host=x86_64-apple-darwin
ac_cv_objext=o
ac_cv_path_EGREP='/usr/bin/grep -E'
ac_cv_path_FGREP='/usr/bin/grep -F'
ac_cv_path_GREP=/usr/bin/grep
ac_cv_path_SED=/opt/homebrew/bin/gsed
ac_cv_path_install='/usr/bin/install -c'
ac_cv_path_lt_DD=/bin/dd
ac_cv_prog_AWK=awk
ac_cv_prog_CC=/Applications/Xcode.app/Contents/Developer/Toolchains/XcodeDefault.xctoolchain/usr/bin/clang
ac_cv_prog_CPP='/Applications/Xcode.app/Contents/Developer/Toolchains/XcodeDefault.xctoolchain/usr/bin/clang -E'
ac_cv_prog_STRIP=strip
ac_cv_prog_ac_ct_AR=ar
ac_cv_prog_ac_ct_DSYMUTIL=dsymutil
ac_cv_prog_ac_ct_DUMPBIN='link -dump'
ac_cv_prog_ac_ct_LIPO=lipo
ac_cv_prog_ac_ct_NMEDIT=nmedit
ac_cv_prog_ac_ct_OBJDUMP=objdump
ac_cv_prog_ac_ct_OTOOL=otool
ac_cv_prog_ac_ct_RANLIB=ranlib
ac_cv_prog_ac_ct_STRIP=strip
ac_cv_prog_cc_c89=
ac_cv_prog_cc_g=yes
ac_cv_prog_make_make_set=yes
ac_cv_search_deflate=-lz
ac_cv_search_dlopen='none required'
ac_cv_search_log='none required'
ac_cv_search_pthread_create='none required'
ac_cv_search_pthread_mutexattr_init='none required'
ac_cv_search_system='none required'
ac_cv_sys_file_offset_bits=no
ac_cv_sys_largefile_CC=no
am_cv_CC_dependencies_compiler_type=gcc3
am_cv_make_support_nested_variables=yes
am_cv_prog_cc_c_o=yes
lt_cv_apple_cc_single_mod=yes
lt_cv_ar_at_file=no
lt_cv_deplibs_check_method=pass_all
lt_cv_file_magic_cmd='$MAGIC_CMD'
lt_cv_file_magic_test_file=
lt_cv_ld_exported_symbols_list=yes
lt_cv_ld_force_load=yes
lt_cv_ld_reload_flag=-r
lt_cv_nm_interface='BSD nm'
lt_cv_objdir=.libs
lt_cv_path_LD=/Applications/Xcode.app/Contents/Developer/Toolchains/XcodeDefault.xctoolchain/usr/bin/ld
lt_cv_path_NM=no
lt_cv_path_mainfest_tool=no
lt_cv_prog_compiler_c_o=yes
lt_cv_prog_compiler_pic='-fno-common -DPIC'
lt_cv_prog_compiler_pic_works=yes
lt_cv_prog_compiler_rtti_exceptions=yes
lt_cv_prog_compiler_static_works=no
lt_cv_prog_gnu_ld=no
lt_cv_sharedlib_from_linklib_cmd='printf %s\n'
lt_cv_sys_global_symbol_pipe='sed -n -e '\''s/^.*[	 ]\([ABCDGIRSTW][ABCDGIRSTW]*\)[	 ][	 ]*_\([_A-Za-z][_A-Za-z0-9]*\)$/\1 _\2 \2/p'\'' | sed '\''/ __gnu_lto/d'\'''
lt_cv_sys_global_symbol_to_c_name_address='sed -n -e '\''s/^: \(.*\) .*$/  {"\1", (void *) 0},/p'\'' -e '\''s/^[ABCDGIRSTW][ABCDGIRSTW]* .* \(.*\)$/  {"\1", (void *) \&\1},/p'\'''
lt_cv_sys_global_symbol_to_c_name_address_lib_prefix='sed -n -e '\''s/^: \(.*\) .*$/  {"\1", (void *) 0},/p'\'' -e '\''s/^[ABCDGIRSTW][ABCDGIRSTW]* .* \(lib.*\)$/  {"\1", (void *) \&\1},/p'\'' -e '\''s/^[ABCDGIRSTW][ABCDGIRSTW]* .* \(.*\)$/  {"lib\1", (void *) \&\1},/p'\'''
lt_cv_sys_global_symbol_to_cdecl='sed -n -e '\''s/^T .* \(.*\)$/extern int \1();/p'\'' -e '\''s/^[ABCDGIRSTW][ABCDGIRSTW]* .* \(.*\)$/extern char \1;/p'\'''
lt_cv_sys_global_symbol_to_import=
lt_cv_sys_max_cmd_len=786432
lt_cv_to_host_file_cmd=func_convert_file_noop
lt_cv_to_tool_file_cmd=func_convert_file_noop
lt_cv_truncate_bin='/bin/dd bs=4096 count=1'

## ----------------- ##
## Output variables. ##
## ----------------- ##

ACLOCAL='${SHELL} /Users/brunoloverius/Documents/Aloalto/Oxygis/lib/sqlite3/missing aclocal-1.15'
AMDEPBACKSLASH='\'
AMDEP_FALSE='#'
AMDEP_TRUE=''
AMTAR='$${TAR-tar}'
AM_BACKSLASH='\'
AM_DEFAULT_V='$(AM_DEFAULT_VERBOSITY)'
AM_DEFAULT_VERBOSITY='1'
AM_V='$(V)'
AR='ar'
AUTOCONF='${SHELL} /Users/brunoloverius/Documents/Aloalto/Oxygis/lib/sqlite3/missing autoconf'
AUTOHEADER='${SHELL} /Users/brunoloverius/Documents/Aloalto/Oxygis/lib/sqlite3/missing autoheader'
AUTOMAKE='${SHELL} /Users/brunoloverius/Documents/Aloalto/Oxygis/lib/sqlite3/missing automake-1.15'
AWK='awk'
BUILD_CFLAGS=' -D_REENTRANT=1 -DSQLITE_THREADSAFE=1 -DSQLITE_ENABLE_FTS4 -DSQLITE_ENABLE_FTS5 -DSQLITE_ENABLE_JSON1 -DSQLITE_ENABLE_RTREE -DSQLITE_ENABLE_GEOPOLY -DSQLITE_HAVE_ZLIB'
CC='/Applications/Xcode.app/Contents/Developer/Toolchains/XcodeDefault.xctoolchain/usr/bin/clang'
CCDEPMODE='depmode=gcc3'
CFLAGS='-isysroot /Applications/Xcode.app/Contents/Developer/Platforms/iPhoneSimulator.platform/Developer/SDKs/iPhoneSimulator16.2.sdk -I/Applications/Xcode.app/Contents/Developer/Platforms/iPhoneSimulator.platform/Developer/SDKs/iPhoneSimulator16.2.sdk/usr/include -arch x86_64 -I/Users/brunoloverius/Documents/Aloalto/Oxygis/lib/build/x86_64/include -miphoneos-version-min=9.0 -O3 -fembed-bitcode -DSQLITE_ENABLE_COLUMN_METADATA=1 -DSQLITE_MAX_VARIABLE_NUMBER=250000 -DSQLITE_THREADSAFE=1 -DSQLITE_ENABLE_RTREE=1 -DSQLITE_ENABLE_FTS3=1 -DSQLITE_ENABLE_FTS3_PARENTHESIS=1'
CPP='/Applications/Xcode.app/Contents/Developer/Toolchains/XcodeDefault.xctoolchain/usr/bin/clang -E'
CPPFLAGS=''
CYGPATH_W='echo'
DEFS='-DPACKAGE_NAME=\"sqlite\" -DPACKAGE_TARNAME=\"sqlite\" -DPACKAGE_VERSION=\"3.32.3\" -DPACKAGE_STRING=\"sqlite\ 3.32.3\" -DPACKAGE_BUGREPORT=\"http://www.sqlite.org\" -DPACKAGE_URL=\"\" -DPACKAGE=\"sqlite\" -DVERSION=\"3.32.3\" -DHAVE_SYS_TYPES_H=1 -DHAVE_SYS_STAT_H=1 -DHAVE_STDLIB_H=1 -DHAVE_STRING_H=1 -DHAVE_MEMORY_H=1 -DHAVE_STRINGS_H=1 -DHAVE_INTTYPES_H=1 -DHAVE_STDINT_H=1 -DHAVE_UNISTD_H=1 -DHAVE_DLFCN_H=1 -DLT_OBJDIR=\".libs/\" -DHAVE_FDATASYNC=1 -DHAVE_USLEEP=1 -DHAVE_LOCALTIME_R=1 -DHAVE_GMTIME_R=1 -DHAVE_DECL_STRERROR_R=1 -DHAVE_STRERROR_R=1 -DHAVE_ZLIB_H=1'
DEPDIR='.deps'
DLLTOOL='false'
DSYMUTIL='dsymutil'
DUMPBIN=':'
ECHO_C='\c'
ECHO_N=''
ECHO_T=''
EGREP='/usr/bin/grep -E'
EXEEXT=''
EXTRA_SHELL_OBJ='sqlite3-sqlite3.o'
FGREP='/usr/bin/grep -F'
GREP='/usr/bin/grep'
INSTALL_DATA='${INSTALL} -m 644'
INSTALL_PROGRAM='${INSTALL}'
INSTALL_SCRIPT='${INSTALL}'
INSTALL_STRIP_PROGRAM='$(install_sh) -c -s'
LD='/Applications/Xcode.app/Contents/Developer/Toolchains/XcodeDefault.xctoolchain/usr/bin/ld'
LDFLAGS='-Wl,-arch -Wl,x86_64 -arch_only x86_64 -stdlib=libc++ -isysroot /Applications/Xcode.app/Contents/Developer/Platforms/iPhoneSimulator.platform/Developer/SDKs/iPhoneSimulator16.2.sdk -L/Users/brunoloverius/Documents/Aloalto/Oxygis/lib/build/x86_64/lib -L/Applications/Xcode.app/Contents/Developer/Platforms/iPhoneSimulator.platform/Developer/SDKs/iPhoneSimulator16.2.sdk/usr/lib -arch x86_64 -miphoneos-version-min=9.0'
LIBOBJS=''
LIBS='-lz '
LIBTOOL='$(SHELL) $(top_builddir)/libtool'
LIPO='lipo'
LN_S='ln -s'
LTLIBOBJS=''
LT_SYS_LIBRARY_PATH=''
MAKEINFO='${SHELL} /Users/brunoloverius/Documents/Aloalto/Oxygis/lib/sqlite3/missing makeinfo'
MANIFEST_TOOL=':'
MKDIR_P='./install-sh -c -d'
NM='nm'
NMEDIT='nmedit'
OBJDUMP='objdump'
OBJEXT='o'
OTOOL64=':'
OTOOL='otool'
PACKAGE='sqlite'
PACKAGE_BUGREPORT='http://www.sqlite.org'
PACKAGE_NAME='sqlite'
PACKAGE_STRING='sqlite 3.32.3'
PACKAGE_TARNAME='sqlite'
PACKAGE_URL=''
PACKAGE_VERSION='3.32.3'
PATH_SEPARATOR=':'
RANLIB='ranlib'
READLINE_LIBS=''
SED='/opt/homebrew/bin/gsed'
SET_MAKE=''
SHELL='/bin/sh'
SHELL_CFLAGS=''
STRIP='strip'
VERSION='3.32.3'
ac_ct_AR='ar'
ac_ct_CC=''
ac_ct_DUMPBIN='link -dump'
am__EXEEXT_FALSE=''
am__EXEEXT_TRUE='#'
am__fastdepCC_FALSE='#'
am__fastdepCC_TRUE=''
am__include='include'
am__isrc=''
am__leading_dot='.'
am__nodep='_no'
am__quote=''
am__tar='$${TAR-tar} chof - "$$tardir"'
am__untar='$${TAR-tar} xf -'
bindir='${exec_prefix}/bin'
build='arm-apple-darwin22.3.0'
build_alias=''
build_cpu='arm'
build_os='darwin22.3.0'
build_vendor='apple'
datadir='${datarootdir}'
datarootdir='${prefix}/share'
docdir='${datarootdir}/doc/${PACKAGE_TARNAME}'
dvidir='${docdir}'
exec_prefix='${prefix}'
host='x86_64-apple-darwin'
host_alias='x86_64-apple-darwin'
host_cpu='x86_64'
host_os='darwin'
host_vendor='apple'
htmldir='${docdir}'
includedir='${prefix}/include'
infodir='${datarootdir}/info'
install_sh='${SHELL} /Users/brunoloverius/Documents/Aloalto/Oxygis/lib/sqlite3/install-sh'
libdir='${exec_prefix}/lib'
libexecdir='${exec_prefix}/libexec'
localedir='${datarootdir}/locale'
localstatedir='${prefix}/var'
mandir='${datarootdir}/man'
mkdir_p='$(MKDIR_P)'
oldincludedir='/usr/include'
pdfdir='${docdir}'
prefix='/Users/brunoloverius/Documents/Aloalto/Oxygis/lib/build/x86_64'
program_transform_name='s,x,x,'
psdir='${docdir}'
runstatedir='${localstatedir}/run'
sbindir='${exec_prefix}/sbin'
sharedstatedir='${prefix}/com'
sysconfdir='${prefix}/etc'
target_alias=''

## ----------- ##
## confdefs.h. ##
## ----------- ##

/* confdefs.h */
#define PACKAGE_NAME "sqlite"
#define PACKAGE_TARNAME "sqlite"
#define PACKAGE_VERSION "3.32.3"
#define PACKAGE_STRING "sqlite 3.32.3"
#define PACKAGE_BUGREPORT "http://www.sqlite.org"
#define PACKAGE_URL ""
#define PACKAGE "sqlite"
#define VERSION "3.32.3"
#define HAVE_SYS_TYPES_H 1
#define HAVE_SYS_STAT_H 1
#define HAVE_STDLIB_H 1
#define HAVE_STRING_H 1
#define HAVE_MEMORY_H 1
#define HAVE_STRINGS_H 1
#define HAVE_INTTYPES_H 1
#define HAVE_STDINT_H 1
#define HAVE_UNISTD_H 1
#define HAVE_DLFCN_H 1
#define LT_OBJDIR ".libs/"
#define HAVE_FDATASYNC 1
#define HAVE_USLEEP 1
#define HAVE_LOCALTIME_R 1
#define HAVE_GMTIME_R 1
#define HAVE_DECL_STRERROR_R 1
#define HAVE_STRERROR_R 1
#define HAVE_ZLIB_H 1

configure: exit 0
